[0.534s] Invoking command in '/home/quanmh25/quanmh/diffdrive_aruco_follow/workspace/src/follower_control': DEBUGINFOD_URLS=https://debuginfod.ubuntu.com PYTHONPATH=/home/quanmh25/quanmh/diffdrive_aruco_follow/workspace/build/follower_control/prefix_override:/usr/lib/python3/dist-packages/colcon_core/task/python/colcon_distutils_commands:/home/quanmh25/quanmh/diffdrive_aruco_follow/workspace/install/follower_control/lib/python3.12/site-packages:${PYTHONPATH} /usr/bin/python3 -W ignore:setup.py install is deprecated -W ignore:easy_install command is deprecated setup.py egg_info --egg-base ../../build/follower_control build --build-base /home/quanmh25/quanmh/diffdrive_aruco_follow/workspace/build/follower_control/build install --record /home/quanmh25/quanmh/diffdrive_aruco_follow/workspace/build/follower_control/install.log --single-version-externally-managed install_data
[0.698s] running egg_info
[0.710s] writing ../../build/follower_control/follower_control.egg-info/PKG-INFO
[0.710s] writing dependency_links to ../../build/follower_control/follower_control.egg-info/dependency_links.txt
[0.710s] writing entry points to ../../build/follower_control/follower_control.egg-info/entry_points.txt
[0.710s] writing requirements to ../../build/follower_control/follower_control.egg-info/requires.txt
[0.711s] writing top-level names to ../../build/follower_control/follower_control.egg-info/top_level.txt
[0.732s] reading manifest file '../../build/follower_control/follower_control.egg-info/SOURCES.txt'
[0.733s] writing manifest file '../../build/follower_control/follower_control.egg-info/SOURCES.txt'
[0.733s] running build
[0.733s] running build_py
[0.734s] copying follower_control/follower_control_node.py -> /home/quanmh25/quanmh/diffdrive_aruco_follow/workspace/build/follower_control/build/lib/follower_control
[0.734s] copying follower_control/leader_control_node.py -> /home/quanmh25/quanmh/diffdrive_aruco_follow/workspace/build/follower_control/build/lib/follower_control
[0.734s] creating /home/quanmh25/quanmh/diffdrive_aruco_follow/workspace/build/follower_control/build/lib/follower_control/modules
[0.734s] copying follower_control/modules/kalman_filter.py -> /home/quanmh25/quanmh/diffdrive_aruco_follow/workspace/build/follower_control/build/lib/follower_control/modules
[0.734s] copying follower_control/modules/__init__.py -> /home/quanmh25/quanmh/diffdrive_aruco_follow/workspace/build/follower_control/build/lib/follower_control/modules
[0.734s] copying follower_control/modules/utils.py -> /home/quanmh25/quanmh/diffdrive_aruco_follow/workspace/build/follower_control/build/lib/follower_control/modules
[0.734s] copying follower_control/modules/aruco_detector.py -> /home/quanmh25/quanmh/diffdrive_aruco_follow/workspace/build/follower_control/build/lib/follower_control/modules
[0.735s] copying follower_control/modules/pd_controller.py -> /home/quanmh25/quanmh/diffdrive_aruco_follow/workspace/build/follower_control/build/lib/follower_control/modules
[0.735s] running install
[0.738s] running install_lib
[0.749s] copying /home/quanmh25/quanmh/diffdrive_aruco_follow/workspace/build/follower_control/build/lib/follower_control/follower_control_node.py -> /home/quanmh25/quanmh/diffdrive_aruco_follow/workspace/install/follower_control/lib/python3.12/site-packages/follower_control
[0.749s] creating /home/quanmh25/quanmh/diffdrive_aruco_follow/workspace/install/follower_control/lib/python3.12/site-packages/follower_control/modules
[0.750s] copying /home/quanmh25/quanmh/diffdrive_aruco_follow/workspace/build/follower_control/build/lib/follower_control/modules/kalman_filter.py -> /home/quanmh25/quanmh/diffdrive_aruco_follow/workspace/install/follower_control/lib/python3.12/site-packages/follower_control/modules
[0.750s] copying /home/quanmh25/quanmh/diffdrive_aruco_follow/workspace/build/follower_control/build/lib/follower_control/modules/__init__.py -> /home/quanmh25/quanmh/diffdrive_aruco_follow/workspace/install/follower_control/lib/python3.12/site-packages/follower_control/modules
[0.750s] copying /home/quanmh25/quanmh/diffdrive_aruco_follow/workspace/build/follower_control/build/lib/follower_control/modules/utils.py -> /home/quanmh25/quanmh/diffdrive_aruco_follow/workspace/install/follower_control/lib/python3.12/site-packages/follower_control/modules
[0.750s] copying /home/quanmh25/quanmh/diffdrive_aruco_follow/workspace/build/follower_control/build/lib/follower_control/modules/aruco_detector.py -> /home/quanmh25/quanmh/diffdrive_aruco_follow/workspace/install/follower_control/lib/python3.12/site-packages/follower_control/modules
[0.750s] copying /home/quanmh25/quanmh/diffdrive_aruco_follow/workspace/build/follower_control/build/lib/follower_control/modules/pd_controller.py -> /home/quanmh25/quanmh/diffdrive_aruco_follow/workspace/install/follower_control/lib/python3.12/site-packages/follower_control/modules
[0.750s] copying /home/quanmh25/quanmh/diffdrive_aruco_follow/workspace/build/follower_control/build/lib/follower_control/leader_control_node.py -> /home/quanmh25/quanmh/diffdrive_aruco_follow/workspace/install/follower_control/lib/python3.12/site-packages/follower_control
[0.750s] byte-compiling /home/quanmh25/quanmh/diffdrive_aruco_follow/workspace/install/follower_control/lib/python3.12/site-packages/follower_control/follower_control_node.py to follower_control_node.cpython-312.pyc
[0.753s] byte-compiling /home/quanmh25/quanmh/diffdrive_aruco_follow/workspace/install/follower_control/lib/python3.12/site-packages/follower_control/modules/kalman_filter.py to kalman_filter.cpython-312.pyc
[0.753s] byte-compiling /home/quanmh25/quanmh/diffdrive_aruco_follow/workspace/install/follower_control/lib/python3.12/site-packages/follower_control/modules/__init__.py to __init__.cpython-312.pyc
[0.753s] byte-compiling /home/quanmh25/quanmh/diffdrive_aruco_follow/workspace/install/follower_control/lib/python3.12/site-packages/follower_control/modules/utils.py to utils.cpython-312.pyc
[0.753s] byte-compiling /home/quanmh25/quanmh/diffdrive_aruco_follow/workspace/install/follower_control/lib/python3.12/site-packages/follower_control/modules/aruco_detector.py to aruco_detector.cpython-312.pyc
[0.754s] byte-compiling /home/quanmh25/quanmh/diffdrive_aruco_follow/workspace/install/follower_control/lib/python3.12/site-packages/follower_control/modules/pd_controller.py to pd_controller.cpython-312.pyc
[0.754s] byte-compiling /home/quanmh25/quanmh/diffdrive_aruco_follow/workspace/install/follower_control/lib/python3.12/site-packages/follower_control/leader_control_node.py to leader_control_node.cpython-312.pyc
[0.755s] running install_data
[0.755s] copying launch/run.launch.py -> /home/quanmh25/quanmh/diffdrive_aruco_follow/workspace/install/follower_control/share/follower_control/launch
[0.755s] running install_egg_info
[0.767s] removing '/home/quanmh25/quanmh/diffdrive_aruco_follow/workspace/install/follower_control/lib/python3.12/site-packages/follower_control-0.0.0-py3.12.egg-info' (and everything under it)
[0.767s] Copying ../../build/follower_control/follower_control.egg-info to /home/quanmh25/quanmh/diffdrive_aruco_follow/workspace/install/follower_control/lib/python3.12/site-packages/follower_control-0.0.0-py3.12.egg-info
[0.768s] running install_scripts
[0.850s] Installing follower_control_node script to /home/quanmh25/quanmh/diffdrive_aruco_follow/workspace/install/follower_control/lib/follower_control
[0.850s] Installing leader_control_node script to /home/quanmh25/quanmh/diffdrive_aruco_follow/workspace/install/follower_control/lib/follower_control
[0.850s] writing list of installed files to '/home/quanmh25/quanmh/diffdrive_aruco_follow/workspace/build/follower_control/install.log'
[0.869s] Invoked command in '/home/quanmh25/quanmh/diffdrive_aruco_follow/workspace/src/follower_control' returned '0': DEBUGINFOD_URLS=https://debuginfod.ubuntu.com PYTHONPATH=/home/quanmh25/quanmh/diffdrive_aruco_follow/workspace/build/follower_control/prefix_override:/usr/lib/python3/dist-packages/colcon_core/task/python/colcon_distutils_commands:/home/quanmh25/quanmh/diffdrive_aruco_follow/workspace/install/follower_control/lib/python3.12/site-packages:${PYTHONPATH} /usr/bin/python3 -W ignore:setup.py install is deprecated -W ignore:easy_install command is deprecated setup.py egg_info --egg-base ../../build/follower_control build --build-base /home/quanmh25/quanmh/diffdrive_aruco_follow/workspace/build/follower_control/build install --record /home/quanmh25/quanmh/diffdrive_aruco_follow/workspace/build/follower_control/install.log --single-version-externally-managed install_data
