[0.085s] DEBUG:colcon:Command line arguments: ['/usr/bin/colcon', 'build', '--symlink-install', '--packages-select', 'follower_scene', 'follower_control']
[0.085s] DEBUG:colcon:Parsed command line arguments: Namespace(log_base=None, log_level=None, verb_name='build', build_base='build', install_base='install', merge_install=False, symlink_install=True, test_result_base=None, continue_on_error=False, executor='parallel', parallel_workers=16, event_handlers=None, ignore_user_meta=False, metas=['./colcon.meta'], base_paths=['.'], packages_ignore=None, packages_ignore_regex=None, paths=None, packages_up_to=None, packages_up_to_regex=None, packages_above=None, packages_above_and_dependencies=None, packages_above_depth=None, packages_select_by_dep=None, packages_skip_by_dep=None, packages_skip_up_to=None, packages_select_build_failed=False, packages_skip_build_finished=False, packages_select_test_failures=False, packages_skip_test_passed=False, packages_select=['follower_scene', 'follower_control'], packages_skip=None, packages_select_regex=None, packages_skip_regex=None, packages_start=None, packages_end=None, allow_overriding=[], cmake_args=None, cmake_target=None, cmake_target_skip_unavailable=False, cmake_clean_cache=False, cmake_clean_first=False, cmake_force_configure=False, ament_cmake_args=None, catkin_cmake_args=None, catkin_skip_building_tests=False, mixin_files=None, mixin=None, verb_parser=<colcon_mixin.mixin.mixin_argument.MixinArgumentDecorator object at 0x74a6c98a9a90>, verb_extension=<colcon_core.verb.build.BuildVerb object at 0x74a6c98a9790>, main=<bound method BuildVerb.main of <colcon_core.verb.build.BuildVerb object at 0x74a6c98a9790>>, mixin_verb=('build',))
[0.121s] Level 1:colcon.colcon_core.package_discovery:discover_packages(colcon_meta) check parameters
[0.121s] Level 1:colcon.colcon_core.package_discovery:discover_packages(recursive) check parameters
[0.121s] Level 1:colcon.colcon_core.package_discovery:discover_packages(ignore) check parameters
[0.121s] Level 1:colcon.colcon_core.package_discovery:discover_packages(path) check parameters
[0.121s] Level 1:colcon.colcon_core.package_discovery:discover_packages(colcon_meta) discover
[0.121s] Level 1:colcon.colcon_core.package_discovery:discover_packages(recursive) discover
[0.121s] INFO:colcon.colcon_core.package_discovery:Crawling recursively for packages in '/home/quanmh25/quanmh/diffdrive_aruco_follow/workspace'
[0.121s] Level 1:colcon.colcon_core.package_identification:_identify(.) by extensions ['ignore', 'ignore_ament_install']
[0.121s] Level 1:colcon.colcon_core.package_identification:_identify(.) by extension 'ignore'
[0.121s] Level 1:colcon.colcon_core.package_identification:_identify(.) by extension 'ignore_ament_install'
[0.121s] Level 1:colcon.colcon_core.package_identification:_identify(.) by extensions ['colcon_pkg']
[0.121s] Level 1:colcon.colcon_core.package_identification:_identify(.) by extension 'colcon_pkg'
[0.121s] Level 1:colcon.colcon_core.package_identification:_identify(.) by extensions ['colcon_meta']
[0.121s] Level 1:colcon.colcon_core.package_identification:_identify(.) by extension 'colcon_meta'
[0.121s] Level 1:colcon.colcon_core.package_identification:_identify(.) by extensions ['ros']
[0.121s] Level 1:colcon.colcon_core.package_identification:_identify(.) by extension 'ros'
[0.142s] Level 1:colcon.colcon_core.package_identification:_identify(.) by extensions ['cmake', 'python']
[0.143s] Level 1:colcon.colcon_core.package_identification:_identify(.) by extension 'cmake'
[0.143s] Level 1:colcon.colcon_core.package_identification:_identify(.) by extension 'python'
[0.143s] Level 1:colcon.colcon_core.package_identification:_identify(.) by extensions ['python_setup_py']
[0.143s] Level 1:colcon.colcon_core.package_identification:_identify(.) by extension 'python_setup_py'
[0.143s] Level 1:colcon.colcon_core.package_identification:_identify(build) by extensions ['ignore', 'ignore_ament_install']
[0.143s] Level 1:colcon.colcon_core.package_identification:_identify(build) by extension 'ignore'
[0.143s] Level 1:colcon.colcon_core.package_identification:_identify(build) ignored
[0.143s] Level 1:colcon.colcon_core.package_identification:_identify(install) by extensions ['ignore', 'ignore_ament_install']
[0.143s] Level 1:colcon.colcon_core.package_identification:_identify(install) by extension 'ignore'
[0.143s] Level 1:colcon.colcon_core.package_identification:_identify(install) ignored
[0.143s] Level 1:colcon.colcon_core.package_identification:_identify(log) by extensions ['ignore', 'ignore_ament_install']
[0.143s] Level 1:colcon.colcon_core.package_identification:_identify(log) by extension 'ignore'
[0.143s] Level 1:colcon.colcon_core.package_identification:_identify(log) ignored
[0.143s] Level 1:colcon.colcon_core.package_identification:_identify(src) by extensions ['ignore', 'ignore_ament_install']
[0.143s] Level 1:colcon.colcon_core.package_identification:_identify(src) by extension 'ignore'
[0.143s] Level 1:colcon.colcon_core.package_identification:_identify(src) by extension 'ignore_ament_install'
[0.143s] Level 1:colcon.colcon_core.package_identification:_identify(src) by extensions ['colcon_pkg']
[0.143s] Level 1:colcon.colcon_core.package_identification:_identify(src) by extension 'colcon_pkg'
[0.143s] Level 1:colcon.colcon_core.package_identification:_identify(src) by extensions ['colcon_meta']
[0.143s] Level 1:colcon.colcon_core.package_identification:_identify(src) by extension 'colcon_meta'
[0.143s] Level 1:colcon.colcon_core.package_identification:_identify(src) by extensions ['ros']
[0.143s] Level 1:colcon.colcon_core.package_identification:_identify(src) by extension 'ros'
[0.144s] Level 1:colcon.colcon_core.package_identification:_identify(src) by extensions ['cmake', 'python']
[0.144s] Level 1:colcon.colcon_core.package_identification:_identify(src) by extension 'cmake'
[0.144s] Level 1:colcon.colcon_core.package_identification:_identify(src) by extension 'python'
[0.144s] Level 1:colcon.colcon_core.package_identification:_identify(src) by extensions ['python_setup_py']
[0.144s] Level 1:colcon.colcon_core.package_identification:_identify(src) by extension 'python_setup_py'
[0.144s] Level 1:colcon.colcon_core.package_identification:_identify(src/follower_control) by extensions ['ignore', 'ignore_ament_install']
[0.144s] Level 1:colcon.colcon_core.package_identification:_identify(src/follower_control) by extension 'ignore'
[0.144s] Level 1:colcon.colcon_core.package_identification:_identify(src/follower_control) by extension 'ignore_ament_install'
[0.144s] Level 1:colcon.colcon_core.package_identification:_identify(src/follower_control) by extensions ['colcon_pkg']
[0.144s] Level 1:colcon.colcon_core.package_identification:_identify(src/follower_control) by extension 'colcon_pkg'
[0.144s] Level 1:colcon.colcon_core.package_identification:_identify(src/follower_control) by extensions ['colcon_meta']
[0.144s] Level 1:colcon.colcon_core.package_identification:_identify(src/follower_control) by extension 'colcon_meta'
[0.144s] Level 1:colcon.colcon_core.package_identification:_identify(src/follower_control) by extensions ['ros']
[0.144s] Level 1:colcon.colcon_core.package_identification:_identify(src/follower_control) by extension 'ros'
[0.146s] DEBUG:colcon.colcon_core.package_identification:Package 'src/follower_control' with type 'ros.ament_python' and name 'follower_control'
[0.146s] Level 1:colcon.colcon_core.package_identification:_identify(src/follower_scene) by extensions ['ignore', 'ignore_ament_install']
[0.146s] Level 1:colcon.colcon_core.package_identification:_identify(src/follower_scene) by extension 'ignore'
[0.146s] Level 1:colcon.colcon_core.package_identification:_identify(src/follower_scene) by extension 'ignore_ament_install'
[0.146s] Level 1:colcon.colcon_core.package_identification:_identify(src/follower_scene) by extensions ['colcon_pkg']
[0.146s] Level 1:colcon.colcon_core.package_identification:_identify(src/follower_scene) by extension 'colcon_pkg'
[0.146s] Level 1:colcon.colcon_core.package_identification:_identify(src/follower_scene) by extensions ['colcon_meta']
[0.146s] Level 1:colcon.colcon_core.package_identification:_identify(src/follower_scene) by extension 'colcon_meta'
[0.146s] Level 1:colcon.colcon_core.package_identification:_identify(src/follower_scene) by extensions ['ros']
[0.146s] Level 1:colcon.colcon_core.package_identification:_identify(src/follower_scene) by extension 'ros'
[0.147s] DEBUG:colcon.colcon_core.package_identification:Package 'src/follower_scene' with type 'ros.ament_cmake' and name 'follower_scene'
[0.147s] Level 1:colcon.colcon_core.package_discovery:discover_packages(recursive) using defaults
[0.147s] Level 1:colcon.colcon_core.package_discovery:discover_packages(ignore) discover
[0.147s] Level 1:colcon.colcon_core.package_discovery:discover_packages(ignore) using defaults
[0.147s] Level 1:colcon.colcon_core.package_discovery:discover_packages(path) discover
[0.147s] Level 1:colcon.colcon_core.package_discovery:discover_packages(path) using defaults
[0.162s] Level 1:colcon.colcon_core.package_discovery:discover_packages(prefix_path) check parameters
[0.162s] Level 1:colcon.colcon_core.package_discovery:discover_packages(prefix_path) discover
[0.162s] WARNING:colcon.colcon_core.prefix_path.colcon:The path '/home/quanmh25/quanmh/diffdrive_aruco_docking/install' in the environment variable COLCON_PREFIX_PATH doesn't exist
[0.163s] WARNING:colcon.colcon_ros.prefix_path.ament:The path '/home/quanmh25/quanmh/diffdrive_aruco_docking/install/robot_scene' in the environment variable AMENT_PREFIX_PATH doesn't exist
[0.163s] WARNING:colcon.colcon_ros.prefix_path.ament:The path '/home/quanmh25/quanmh/diffdrive_aruco_docking/install/robot_controller' in the environment variable AMENT_PREFIX_PATH doesn't exist
[0.163s] WARNING:colcon.colcon_ros.prefix_path.catkin:The path '/home/quanmh25/quanmh/diffdrive_aruco_docking/install/robot_scene' in the environment variable CMAKE_PREFIX_PATH doesn't exist
[0.163s] DEBUG:colcon.colcon_installed_package_information.package_discovery:Found 2 installed packages in /home/quanmh25/quanmh/diffdrive_aruco_docking/workspace/install
[0.165s] DEBUG:colcon.colcon_installed_package_information.package_discovery:Found 425 installed packages in /opt/ros/jazzy
[0.168s] Level 1:colcon.colcon_core.package_discovery:discover_packages(prefix_path) using defaults
[0.209s] Level 5:colcon.colcon_core.verb:set package 'follower_control' build argument 'cmake_args' from command line to 'None'
[0.209s] Level 5:colcon.colcon_core.verb:set package 'follower_control' build argument 'cmake_target' from command line to 'None'
[0.209s] Level 5:colcon.colcon_core.verb:set package 'follower_control' build argument 'cmake_target_skip_unavailable' from command line to 'False'
[0.209s] Level 5:colcon.colcon_core.verb:set package 'follower_control' build argument 'cmake_clean_cache' from command line to 'False'
[0.209s] Level 5:colcon.colcon_core.verb:set package 'follower_control' build argument 'cmake_clean_first' from command line to 'False'
[0.209s] Level 5:colcon.colcon_core.verb:set package 'follower_control' build argument 'cmake_force_configure' from command line to 'False'
[0.209s] Level 5:colcon.colcon_core.verb:set package 'follower_control' build argument 'ament_cmake_args' from command line to 'None'
[0.209s] Level 5:colcon.colcon_core.verb:set package 'follower_control' build argument 'catkin_cmake_args' from command line to 'None'
[0.209s] Level 5:colcon.colcon_core.verb:set package 'follower_control' build argument 'catkin_skip_building_tests' from command line to 'False'
[0.209s] DEBUG:colcon.colcon_core.verb:Building package 'follower_control' with the following arguments: {'ament_cmake_args': None, 'build_base': '/home/quanmh25/quanmh/diffdrive_aruco_follow/workspace/build/follower_control', 'catkin_cmake_args': None, 'catkin_skip_building_tests': False, 'cmake_args': None, 'cmake_clean_cache': False, 'cmake_clean_first': False, 'cmake_force_configure': False, 'cmake_target': None, 'cmake_target_skip_unavailable': False, 'install_base': '/home/quanmh25/quanmh/diffdrive_aruco_follow/workspace/install/follower_control', 'merge_install': False, 'path': '/home/quanmh25/quanmh/diffdrive_aruco_follow/workspace/src/follower_control', 'symlink_install': True, 'test_result_base': None}
[0.209s] Level 5:colcon.colcon_core.verb:set package 'follower_scene' build argument 'cmake_args' from command line to 'None'
[0.210s] Level 5:colcon.colcon_core.verb:set package 'follower_scene' build argument 'cmake_target' from command line to 'None'
[0.210s] Level 5:colcon.colcon_core.verb:set package 'follower_scene' build argument 'cmake_target_skip_unavailable' from command line to 'False'
[0.210s] Level 5:colcon.colcon_core.verb:set package 'follower_scene' build argument 'cmake_clean_cache' from command line to 'False'
[0.210s] Level 5:colcon.colcon_core.verb:set package 'follower_scene' build argument 'cmake_clean_first' from command line to 'False'
[0.210s] Level 5:colcon.colcon_core.verb:set package 'follower_scene' build argument 'cmake_force_configure' from command line to 'False'
[0.210s] Level 5:colcon.colcon_core.verb:set package 'follower_scene' build argument 'ament_cmake_args' from command line to 'None'
[0.210s] Level 5:colcon.colcon_core.verb:set package 'follower_scene' build argument 'catkin_cmake_args' from command line to 'None'
[0.210s] Level 5:colcon.colcon_core.verb:set package 'follower_scene' build argument 'catkin_skip_building_tests' from command line to 'False'
[0.210s] DEBUG:colcon.colcon_core.verb:Building package 'follower_scene' with the following arguments: {'ament_cmake_args': None, 'build_base': '/home/quanmh25/quanmh/diffdrive_aruco_follow/workspace/build/follower_scene', 'catkin_cmake_args': None, 'catkin_skip_building_tests': False, 'cmake_args': None, 'cmake_clean_cache': False, 'cmake_clean_first': False, 'cmake_force_configure': False, 'cmake_target': None, 'cmake_target_skip_unavailable': False, 'install_base': '/home/quanmh25/quanmh/diffdrive_aruco_follow/workspace/install/follower_scene', 'merge_install': False, 'path': '/home/quanmh25/quanmh/diffdrive_aruco_follow/workspace/src/follower_scene', 'symlink_install': True, 'test_result_base': None}
[0.210s] INFO:colcon.colcon_core.executor:Executing jobs using 'parallel' executor
[0.211s] DEBUG:colcon.colcon_parallel_executor.executor.parallel:run_until_complete
[0.211s] INFO:colcon.colcon_ros.task.ament_python.build:Building ROS package in '/home/quanmh25/quanmh/diffdrive_aruco_follow/workspace/src/follower_control' with build type 'ament_python'
[0.211s] Level 1:colcon.colcon_core.shell:create_environment_hook('follower_control', 'ament_prefix_path')
[0.213s] INFO:colcon.colcon_core.plugin_system:Skipping extension 'colcon_core.shell.bat': Not used on non-Windows systems
[0.213s] INFO:colcon.colcon_core.shell:Creating environment hook '/home/quanmh25/quanmh/diffdrive_aruco_follow/workspace/install/follower_control/share/follower_control/hook/ament_prefix_path.ps1'
[0.213s] INFO:colcon.colcon_core.shell:Creating environment descriptor '/home/quanmh25/quanmh/diffdrive_aruco_follow/workspace/install/follower_control/share/follower_control/hook/ament_prefix_path.dsv'
[0.214s] INFO:colcon.colcon_core.shell:Creating environment hook '/home/quanmh25/quanmh/diffdrive_aruco_follow/workspace/install/follower_control/share/follower_control/hook/ament_prefix_path.sh'
[0.214s] INFO:colcon.colcon_core.shell:Skip shell extension 'powershell' for command environment: Not usable outside of PowerShell
[0.214s] DEBUG:colcon.colcon_core.shell:Skip shell extension 'dsv' for command environment
[0.218s] INFO:colcon.colcon_ros.task.ament_cmake.build:Building ROS package in '/home/quanmh25/quanmh/diffdrive_aruco_follow/workspace/src/follower_scene' with build type 'ament_cmake'
[0.219s] INFO:colcon.colcon_cmake.task.cmake.build:Building CMake package in '/home/quanmh25/quanmh/diffdrive_aruco_follow/workspace/src/follower_scene'
[0.219s] INFO:colcon.colcon_core.shell:Skip shell extension 'powershell' for command environment: Not usable outside of PowerShell
[0.219s] DEBUG:colcon.colcon_core.shell:Skip shell extension 'dsv' for command environment
[0.393s] INFO:colcon.colcon_core.task.python.build:Building Python package in '/home/quanmh25/quanmh/diffdrive_aruco_follow/workspace/src/follower_control'
[0.393s] INFO:colcon.colcon_core.shell:Skip shell extension 'powershell' for command environment: Not usable outside of PowerShell
[0.393s] DEBUG:colcon.colcon_core.shell:Skip shell extension 'dsv' for command environment
[0.399s] DEBUG:colcon.colcon_core.event_handler.log_command:Invoking command in '/home/quanmh25/quanmh/diffdrive_aruco_follow/workspace/build/follower_scene': CMAKE_PREFIX_PATH=${CMAKE_PREFIX_PATH}:/home/quanmh25/quanmh/diffdrive_aruco_docking/workspace/install/robot_controller:/home/quanmh25/quanmh/diffdrive_aruco_docking/install/robot_controller:/opt/ros/jazzy DEBUGINFOD_URLS=https://debuginfod.ubuntu.com /usr/bin/cmake /home/quanmh25/quanmh/diffdrive_aruco_follow/workspace/src/follower_scene -DAMENT_CMAKE_SYMLINK_INSTALL=1 -DCMAKE_INSTALL_PREFIX=/home/quanmh25/quanmh/diffdrive_aruco_follow/workspace/install/follower_scene
[0.711s] DEBUG:colcon.colcon_core.event_handler.log_command:Invoked command in '/home/quanmh25/quanmh/diffdrive_aruco_follow/workspace/build/follower_scene' returned '0': CMAKE_PREFIX_PATH=${CMAKE_PREFIX_PATH}:/home/quanmh25/quanmh/diffdrive_aruco_docking/workspace/install/robot_controller:/home/quanmh25/quanmh/diffdrive_aruco_docking/install/robot_controller:/opt/ros/jazzy DEBUGINFOD_URLS=https://debuginfod.ubuntu.com /usr/bin/cmake /home/quanmh25/quanmh/diffdrive_aruco_follow/workspace/src/follower_scene -DAMENT_CMAKE_SYMLINK_INSTALL=1 -DCMAKE_INSTALL_PREFIX=/home/quanmh25/quanmh/diffdrive_aruco_follow/workspace/install/follower_scene
[0.712s] DEBUG:colcon.colcon_core.event_handler.log_command:Invoking command in '/home/quanmh25/quanmh/diffdrive_aruco_follow/workspace/build/follower_scene': CMAKE_PREFIX_PATH=${CMAKE_PREFIX_PATH}:/home/quanmh25/quanmh/diffdrive_aruco_docking/workspace/install/robot_controller:/home/quanmh25/quanmh/diffdrive_aruco_docking/install/robot_controller:/opt/ros/jazzy DEBUGINFOD_URLS=https://debuginfod.ubuntu.com /usr/bin/cmake --build /home/quanmh25/quanmh/diffdrive_aruco_follow/workspace/build/follower_scene -- -j16 -l16
[0.755s] DEBUG:colcon.colcon_core.event_handler.log_command:Invoked command in '/home/quanmh25/quanmh/diffdrive_aruco_follow/workspace/build/follower_scene' returned '0': CMAKE_PREFIX_PATH=${CMAKE_PREFIX_PATH}:/home/quanmh25/quanmh/diffdrive_aruco_docking/workspace/install/robot_controller:/home/quanmh25/quanmh/diffdrive_aruco_docking/install/robot_controller:/opt/ros/jazzy DEBUGINFOD_URLS=https://debuginfod.ubuntu.com /usr/bin/cmake --build /home/quanmh25/quanmh/diffdrive_aruco_follow/workspace/build/follower_scene -- -j16 -l16
[0.765s] DEBUG:colcon.colcon_core.event_handler.log_command:Invoking command in '/home/quanmh25/quanmh/diffdrive_aruco_follow/workspace/build/follower_scene': CMAKE_PREFIX_PATH=${CMAKE_PREFIX_PATH}:/home/quanmh25/quanmh/diffdrive_aruco_docking/workspace/install/robot_controller:/home/quanmh25/quanmh/diffdrive_aruco_docking/install/robot_controller:/opt/ros/jazzy DEBUGINFOD_URLS=https://debuginfod.ubuntu.com /usr/bin/cmake --install /home/quanmh25/quanmh/diffdrive_aruco_follow/workspace/build/follower_scene
[0.803s] Level 1:colcon.colcon_core.environment:create_environment_scripts_only(follower_scene)
[0.804s] DEBUG:colcon.colcon_core.event_handler.log_command:Invoked command in '/home/quanmh25/quanmh/diffdrive_aruco_follow/workspace/build/follower_scene' returned '0': CMAKE_PREFIX_PATH=${CMAKE_PREFIX_PATH}:/home/quanmh25/quanmh/diffdrive_aruco_docking/workspace/install/robot_controller:/home/quanmh25/quanmh/diffdrive_aruco_docking/install/robot_controller:/opt/ros/jazzy DEBUGINFOD_URLS=https://debuginfod.ubuntu.com /usr/bin/cmake --install /home/quanmh25/quanmh/diffdrive_aruco_follow/workspace/build/follower_scene
[0.806s] Level 1:colcon.colcon_core.environment:checking '/home/quanmh25/quanmh/diffdrive_aruco_follow/workspace/install/follower_scene' for CMake module files
[0.806s] Level 1:colcon.colcon_core.environment:checking '/home/quanmh25/quanmh/diffdrive_aruco_follow/workspace/install/follower_scene' for CMake config files
[0.807s] Level 1:colcon.colcon_core.shell:create_environment_hook('follower_scene', 'cmake_prefix_path')
[0.807s] INFO:colcon.colcon_core.shell:Creating environment hook '/home/quanmh25/quanmh/diffdrive_aruco_follow/workspace/install/follower_scene/share/follower_scene/hook/cmake_prefix_path.ps1'
[0.807s] INFO:colcon.colcon_core.shell:Creating environment descriptor '/home/quanmh25/quanmh/diffdrive_aruco_follow/workspace/install/follower_scene/share/follower_scene/hook/cmake_prefix_path.dsv'
[0.808s] INFO:colcon.colcon_core.shell:Creating environment hook '/home/quanmh25/quanmh/diffdrive_aruco_follow/workspace/install/follower_scene/share/follower_scene/hook/cmake_prefix_path.sh'
[0.808s] Level 1:colcon.colcon_core.environment:checking '/home/quanmh25/quanmh/diffdrive_aruco_follow/workspace/install/follower_scene/bin'
[0.808s] Level 1:colcon.colcon_core.environment:checking '/home/quanmh25/quanmh/diffdrive_aruco_follow/workspace/install/follower_scene/lib/pkgconfig/follower_scene.pc'
[0.808s] Level 1:colcon.colcon_core.environment:checking '/home/quanmh25/quanmh/diffdrive_aruco_follow/workspace/install/follower_scene/lib/python3.12/site-packages'
[0.809s] Level 1:colcon.colcon_core.environment:checking '/home/quanmh25/quanmh/diffdrive_aruco_follow/workspace/install/follower_scene/bin'
[0.809s] INFO:colcon.colcon_core.shell:Creating package script '/home/quanmh25/quanmh/diffdrive_aruco_follow/workspace/install/follower_scene/share/follower_scene/package.ps1'
[0.809s] INFO:colcon.colcon_core.shell:Creating package descriptor '/home/quanmh25/quanmh/diffdrive_aruco_follow/workspace/install/follower_scene/share/follower_scene/package.dsv'
[0.810s] INFO:colcon.colcon_core.shell:Creating package script '/home/quanmh25/quanmh/diffdrive_aruco_follow/workspace/install/follower_scene/share/follower_scene/package.sh'
[0.810s] INFO:colcon.colcon_core.shell:Creating package script '/home/quanmh25/quanmh/diffdrive_aruco_follow/workspace/install/follower_scene/share/follower_scene/package.bash'
[0.811s] INFO:colcon.colcon_core.shell:Creating package script '/home/quanmh25/quanmh/diffdrive_aruco_follow/workspace/install/follower_scene/share/follower_scene/package.zsh'
[0.811s] Level 1:colcon.colcon_core.environment:create_file_with_runtime_dependencies(/home/quanmh25/quanmh/diffdrive_aruco_follow/workspace/install/follower_scene/share/colcon-core/packages/follower_scene)
[0.812s] Level 1:colcon.colcon_core.environment:create_environment_scripts_only(follower_scene)
[0.812s] Level 1:colcon.colcon_core.environment:checking '/home/quanmh25/quanmh/diffdrive_aruco_follow/workspace/install/follower_scene' for CMake module files
[0.812s] Level 1:colcon.colcon_core.environment:checking '/home/quanmh25/quanmh/diffdrive_aruco_follow/workspace/install/follower_scene' for CMake config files
[0.813s] Level 1:colcon.colcon_core.shell:create_environment_hook('follower_scene', 'cmake_prefix_path')
[0.813s] INFO:colcon.colcon_core.shell:Creating environment hook '/home/quanmh25/quanmh/diffdrive_aruco_follow/workspace/install/follower_scene/share/follower_scene/hook/cmake_prefix_path.ps1'
[0.814s] INFO:colcon.colcon_core.shell:Creating environment descriptor '/home/quanmh25/quanmh/diffdrive_aruco_follow/workspace/install/follower_scene/share/follower_scene/hook/cmake_prefix_path.dsv'
[0.814s] INFO:colcon.colcon_core.shell:Creating environment hook '/home/quanmh25/quanmh/diffdrive_aruco_follow/workspace/install/follower_scene/share/follower_scene/hook/cmake_prefix_path.sh'
[0.815s] Level 1:colcon.colcon_core.environment:checking '/home/quanmh25/quanmh/diffdrive_aruco_follow/workspace/install/follower_scene/bin'
[0.815s] Level 1:colcon.colcon_core.environment:checking '/home/quanmh25/quanmh/diffdrive_aruco_follow/workspace/install/follower_scene/lib/pkgconfig/follower_scene.pc'
[0.815s] Level 1:colcon.colcon_core.environment:checking '/home/quanmh25/quanmh/diffdrive_aruco_follow/workspace/install/follower_scene/lib/python3.12/site-packages'
[0.816s] Level 1:colcon.colcon_core.environment:checking '/home/quanmh25/quanmh/diffdrive_aruco_follow/workspace/install/follower_scene/bin'
[0.816s] INFO:colcon.colcon_core.shell:Creating package script '/home/quanmh25/quanmh/diffdrive_aruco_follow/workspace/install/follower_scene/share/follower_scene/package.ps1'
[0.816s] INFO:colcon.colcon_core.shell:Creating package descriptor '/home/quanmh25/quanmh/diffdrive_aruco_follow/workspace/install/follower_scene/share/follower_scene/package.dsv'
[0.817s] INFO:colcon.colcon_core.shell:Creating package script '/home/quanmh25/quanmh/diffdrive_aruco_follow/workspace/install/follower_scene/share/follower_scene/package.sh'
[0.817s] INFO:colcon.colcon_core.shell:Creating package script '/home/quanmh25/quanmh/diffdrive_aruco_follow/workspace/install/follower_scene/share/follower_scene/package.bash'
[0.818s] INFO:colcon.colcon_core.shell:Creating package script '/home/quanmh25/quanmh/diffdrive_aruco_follow/workspace/install/follower_scene/share/follower_scene/package.zsh'
[0.818s] Level 1:colcon.colcon_core.environment:create_file_with_runtime_dependencies(/home/quanmh25/quanmh/diffdrive_aruco_follow/workspace/install/follower_scene/share/colcon-core/packages/follower_scene)
[0.882s] DEBUG:colcon.colcon_core.task.python.build:While undoing a previous installation files outside the Python library path are being ignored: /home/quanmh25/quanmh/diffdrive_aruco_follow/workspace/install/follower_control/share/ament_index/resource_index/packages/follower_control
[0.882s] DEBUG:colcon.colcon_core.task.python.build:While undoing a previous installation files outside the Python library path are being ignored: /home/quanmh25/quanmh/diffdrive_aruco_follow/workspace/install/follower_control/share/follower_control/package.xml
[0.882s] DEBUG:colcon.colcon_core.task.python.build:While undoing a previous installation files outside the Python library path are being ignored: /home/quanmh25/quanmh/diffdrive_aruco_follow/workspace/install/follower_control/share/follower_control/launch/run.launch.py
[0.882s] DEBUG:colcon.colcon_core.task.python.build:While undoing a previous installation files outside the Python library path are being ignored: /home/quanmh25/quanmh/diffdrive_aruco_follow/workspace/install/follower_control/lib/follower_control/follower_control_node
[0.882s] DEBUG:colcon.colcon_core.task.python.build:While undoing a previous installation files outside the Python library path are being ignored: /home/quanmh25/quanmh/diffdrive_aruco_follow/workspace/install/follower_control/lib/follower_control/leader_control_node
[0.884s] DEBUG:colcon.colcon_core.event_handler.log_command:Invoking command in '/home/quanmh25/quanmh/diffdrive_aruco_follow/workspace/build/follower_control': DEBUGINFOD_URLS=https://debuginfod.ubuntu.com PYTHONPATH=/home/quanmh25/quanmh/diffdrive_aruco_follow/workspace/build/follower_control/prefix_override:/usr/lib/python3/dist-packages/colcon_core/task/python/colcon_distutils_commands:/home/quanmh25/quanmh/diffdrive_aruco_follow/workspace/install/follower_control/lib/python3.12/site-packages:${PYTHONPATH} /usr/bin/python3 -W ignore:setup.py install is deprecated -W ignore:easy_install command is deprecated setup.py develop --editable --build-directory /home/quanmh25/quanmh/diffdrive_aruco_follow/workspace/build/follower_control/build --no-deps symlink_data --force
[1.387s] Level 1:colcon.colcon_core.shell:create_environment_hook('follower_control', 'pythonpath_develop')
[1.387s] INFO:colcon.colcon_core.shell:Creating environment hook '/home/quanmh25/quanmh/diffdrive_aruco_follow/workspace/build/follower_control/share/follower_control/hook/pythonpath_develop.ps1'
[1.388s] DEBUG:colcon.colcon_core.event_handler.log_command:Invoked command in '/home/quanmh25/quanmh/diffdrive_aruco_follow/workspace/build/follower_control' returned '0': DEBUGINFOD_URLS=https://debuginfod.ubuntu.com PYTHONPATH=/home/quanmh25/quanmh/diffdrive_aruco_follow/workspace/build/follower_control/prefix_override:/usr/lib/python3/dist-packages/colcon_core/task/python/colcon_distutils_commands:/home/quanmh25/quanmh/diffdrive_aruco_follow/workspace/install/follower_control/lib/python3.12/site-packages:${PYTHONPATH} /usr/bin/python3 -W ignore:setup.py install is deprecated -W ignore:easy_install command is deprecated setup.py develop --editable --build-directory /home/quanmh25/quanmh/diffdrive_aruco_follow/workspace/build/follower_control/build --no-deps symlink_data --force
[1.388s] INFO:colcon.colcon_core.shell:Creating environment descriptor '/home/quanmh25/quanmh/diffdrive_aruco_follow/workspace/build/follower_control/share/follower_control/hook/pythonpath_develop.dsv'
[1.388s] INFO:colcon.colcon_core.shell:Creating environment hook '/home/quanmh25/quanmh/diffdrive_aruco_follow/workspace/build/follower_control/share/follower_control/hook/pythonpath_develop.sh'
[1.389s] Level 1:colcon.colcon_core.environment:checking '/home/quanmh25/quanmh/diffdrive_aruco_follow/workspace/install/follower_control' for CMake module files
[1.389s] Level 1:colcon.colcon_core.environment:checking '/home/quanmh25/quanmh/diffdrive_aruco_follow/workspace/install/follower_control' for CMake config files
[1.390s] Level 1:colcon.colcon_core.environment:checking '/home/quanmh25/quanmh/diffdrive_aruco_follow/workspace/install/follower_control/lib'
[1.390s] Level 1:colcon.colcon_core.environment:checking '/home/quanmh25/quanmh/diffdrive_aruco_follow/workspace/install/follower_control/bin'
[1.390s] Level 1:colcon.colcon_core.environment:checking '/home/quanmh25/quanmh/diffdrive_aruco_follow/workspace/install/follower_control/lib/pkgconfig/follower_control.pc'
[1.390s] Level 1:colcon.colcon_core.environment:checking '/home/quanmh25/quanmh/diffdrive_aruco_follow/workspace/install/follower_control/lib/python3.12/site-packages'
[1.390s] Level 1:colcon.colcon_core.shell:create_environment_hook('follower_control', 'pythonpath')
[1.390s] INFO:colcon.colcon_core.shell:Creating environment hook '/home/quanmh25/quanmh/diffdrive_aruco_follow/workspace/install/follower_control/share/follower_control/hook/pythonpath.ps1'
[1.391s] INFO:colcon.colcon_core.shell:Creating environment descriptor '/home/quanmh25/quanmh/diffdrive_aruco_follow/workspace/install/follower_control/share/follower_control/hook/pythonpath.dsv'
[1.391s] INFO:colcon.colcon_core.shell:Creating environment hook '/home/quanmh25/quanmh/diffdrive_aruco_follow/workspace/install/follower_control/share/follower_control/hook/pythonpath.sh'
[1.391s] Level 1:colcon.colcon_core.environment:checking '/home/quanmh25/quanmh/diffdrive_aruco_follow/workspace/install/follower_control/bin'
[1.392s] Level 1:colcon.colcon_core.environment:create_environment_scripts_only(follower_control)
[1.392s] INFO:colcon.colcon_core.shell:Creating package script '/home/quanmh25/quanmh/diffdrive_aruco_follow/workspace/install/follower_control/share/follower_control/package.ps1'
[1.392s] INFO:colcon.colcon_core.shell:Creating package descriptor '/home/quanmh25/quanmh/diffdrive_aruco_follow/workspace/install/follower_control/share/follower_control/package.dsv'
[1.393s] INFO:colcon.colcon_core.shell:Creating package script '/home/quanmh25/quanmh/diffdrive_aruco_follow/workspace/install/follower_control/share/follower_control/package.sh'
[1.393s] INFO:colcon.colcon_core.shell:Creating package script '/home/quanmh25/quanmh/diffdrive_aruco_follow/workspace/install/follower_control/share/follower_control/package.bash'
[1.393s] INFO:colcon.colcon_core.shell:Creating package script '/home/quanmh25/quanmh/diffdrive_aruco_follow/workspace/install/follower_control/share/follower_control/package.zsh'
[1.393s] Level 1:colcon.colcon_core.environment:create_file_with_runtime_dependencies(/home/quanmh25/quanmh/diffdrive_aruco_follow/workspace/install/follower_control/share/colcon-core/packages/follower_control)
[1.394s] DEBUG:colcon.colcon_parallel_executor.executor.parallel:closing loop
[1.394s] DEBUG:colcon.colcon_parallel_executor.executor.parallel:loop closed
[1.394s] DEBUG:colcon.colcon_parallel_executor.executor.parallel:run_until_complete finished with '0'
[1.394s] DEBUG:colcon.colcon_core.event_reactor:joining thread
[1.399s] INFO:colcon.colcon_core.plugin_system:Skipping extension 'colcon_notification.desktop_notification.terminal_notifier': Not used on non-Darwin systems
[1.399s] INFO:colcon.colcon_core.plugin_system:Skipping extension 'colcon_notification.desktop_notification.win32': Not used on non-Windows systems
[1.399s] INFO:colcon.colcon_notification.desktop_notification:Sending desktop notification using 'notify2'
[1.399s] DEBUG:colcon.colcon_notification.desktop_notification.notify2:Failed to initialize notify2: org.freedesktop.DBus.Error.AccessDenied: Failed to connect to socket /run/user/1000/bus: Operation not permitted
[1.399s] DEBUG:colcon.colcon_core.event_reactor:joined thread
[1.400s] INFO:colcon.colcon_core.shell:Creating prefix script '/home/quanmh25/quanmh/diffdrive_aruco_follow/workspace/install/local_setup.ps1'
[1.400s] INFO:colcon.colcon_core.shell:Creating prefix util module '/home/quanmh25/quanmh/diffdrive_aruco_follow/workspace/install/_local_setup_util_ps1.py'
[1.401s] INFO:colcon.colcon_core.shell:Creating prefix chain script '/home/quanmh25/quanmh/diffdrive_aruco_follow/workspace/install/setup.ps1'
[1.402s] INFO:colcon.colcon_core.shell:Creating prefix script '/home/quanmh25/quanmh/diffdrive_aruco_follow/workspace/install/local_setup.sh'
[1.402s] INFO:colcon.colcon_core.shell:Creating prefix util module '/home/quanmh25/quanmh/diffdrive_aruco_follow/workspace/install/_local_setup_util_sh.py'
[1.402s] INFO:colcon.colcon_core.shell:Creating prefix chain script '/home/quanmh25/quanmh/diffdrive_aruco_follow/workspace/install/setup.sh'
[1.403s] INFO:colcon.colcon_core.shell:Creating prefix script '/home/quanmh25/quanmh/diffdrive_aruco_follow/workspace/install/local_setup.bash'
[1.403s] INFO:colcon.colcon_core.shell:Creating prefix chain script '/home/quanmh25/quanmh/diffdrive_aruco_follow/workspace/install/setup.bash'
[1.404s] INFO:colcon.colcon_core.shell:Creating prefix script '/home/quanmh25/quanmh/diffdrive_aruco_follow/workspace/install/local_setup.zsh'
[1.404s] INFO:colcon.colcon_core.shell:Creating prefix chain script '/home/quanmh25/quanmh/diffdrive_aruco_follow/workspace/install/setup.zsh'
