[0.551s] Invoking command in '/home/quanmh25/quanmh/diffdrive_aruco_follow/workspace/build/follower_control': DEBUGINFOD_URLS=https://debuginfod.ubuntu.com PYTHONPATH=/home/quanmh25/quanmh/diffdrive_aruco_follow/workspace/build/follower_control/prefix_override:/usr/lib/python3/dist-packages/colcon_core/task/python/colcon_distutils_commands:/home/quanmh25/quanmh/diffdrive_aruco_follow/workspace/install/follower_control/lib/python3.12/site-packages:${PYTHONPATH} /usr/bin/python3 -W ignore:setup.py install is deprecated -W ignore:easy_install command is deprecated setup.py develop --editable --build-directory /home/quanmh25/quanmh/diffdrive_aruco_follow/workspace/build/follower_control/build --no-deps symlink_data --force
[0.787s] running develop
[0.915s] running egg_info
[0.937s] writing follower_control.egg-info/PKG-INFO
[0.937s] writing dependency_links to follower_control.egg-info/dependency_links.txt
[0.937s] writing entry points to follower_control.egg-info/entry_points.txt
[0.937s] writing requirements to follower_control.egg-info/requires.txt
[0.937s] writing top-level names to follower_control.egg-info/top_level.txt
[0.951s] reading manifest file 'follower_control.egg-info/SOURCES.txt'
[0.952s] writing manifest file 'follower_control.egg-info/SOURCES.txt'
[0.966s] running build_ext
[0.966s] Creating /home/quanmh25/quanmh/diffdrive_aruco_follow/workspace/install/follower_control/lib/python3.12/site-packages/follower-control.egg-link (link to .)
[0.966s] Installing follower_control_node script to /home/quanmh25/quanmh/diffdrive_aruco_follow/workspace/install/follower_control/lib/follower_control
[0.966s] Installing leader_control_node script to /home/quanmh25/quanmh/diffdrive_aruco_follow/workspace/install/follower_control/lib/follower_control
[0.967s] 
[0.967s] Installed /home/quanmh25/quanmh/diffdrive_aruco_follow/workspace/build/follower_control
[0.967s] running symlink_data
[0.967s] symbolically linking /home/quanmh25/quanmh/diffdrive_aruco_follow/workspace/build/follower_control/resource/follower_control -> /home/quanmh25/quanmh/diffdrive_aruco_follow/workspace/install/follower_control/share/ament_index/resource_index/packages
[0.967s] symbolically linking /home/quanmh25/quanmh/diffdrive_aruco_follow/workspace/build/follower_control/package.xml -> /home/quanmh25/quanmh/diffdrive_aruco_follow/workspace/install/follower_control/share/follower_control
[0.967s] symbolically linking /home/quanmh25/quanmh/diffdrive_aruco_follow/workspace/build/follower_control/launch/run.launch.py -> /home/quanmh25/quanmh/diffdrive_aruco_follow/workspace/install/follower_control/share/follower_control/launch
[0.994s] Invoked command in '/home/quanmh25/quanmh/diffdrive_aruco_follow/workspace/build/follower_control' returned '0': DEBUGINFOD_URLS=https://debuginfod.ubuntu.com PYTHONPATH=/home/quanmh25/quanmh/diffdrive_aruco_follow/workspace/build/follower_control/prefix_override:/usr/lib/python3/dist-packages/colcon_core/task/python/colcon_distutils_commands:/home/quanmh25/quanmh/diffdrive_aruco_follow/workspace/install/follower_control/lib/python3.12/site-packages:${PYTHONPATH} /usr/bin/python3 -W ignore:setup.py install is deprecated -W ignore:easy_install command is deprecated setup.py develop --editable --build-directory /home/quanmh25/quanmh/diffdrive_aruco_follow/workspace/build/follower_control/build --no-deps symlink_data --force
