[0.133s] DEBUG:colcon:Command line arguments: ['/usr/bin/colcon', 'build']
[0.133s] DEBUG:colcon:Parsed command line arguments: Namespace(log_base=None, log_level=None, verb_name='build', build_base='build', install_base='install', merge_install=False, symlink_install=False, test_result_base=None, continue_on_error=False, executor='parallel', parallel_workers=16, event_handlers=None, ignore_user_meta=False, metas=['./colcon.meta'], base_paths=['.'], packages_ignore=None, packages_ignore_regex=None, paths=None, packages_up_to=None, packages_up_to_regex=None, packages_above=None, packages_above_and_dependencies=None, packages_above_depth=None, packages_select_by_dep=None, packages_skip_by_dep=None, packages_skip_up_to=None, packages_select_build_failed=False, packages_skip_build_finished=False, packages_select_test_failures=False, packages_skip_test_passed=False, packages_select=None, packages_skip=None, packages_select_regex=None, packages_skip_regex=None, packages_start=None, packages_end=None, allow_overriding=[], cmake_args=None, cmake_target=None, cmake_target_skip_unavailable=False, cmake_clean_cache=False, cmake_clean_first=False, cmake_force_configure=False, ament_cmake_args=None, catkin_cmake_args=None, catkin_skip_building_tests=False, mixin_files=None, mixin=None, verb_parser=<colcon_mixin.mixin.mixin_argument.MixinArgumentDecorator object at 0x724fd11a4fe0>, verb_extension=<colcon_core.verb.build.BuildVerb object at 0x724fd11a4980>, main=<bound method BuildVerb.main of <colcon_core.verb.build.BuildVerb object at 0x724fd11a4980>>, mixin_verb=('build',))
[0.184s] Level 1:colcon.colcon_core.package_discovery:discover_packages(colcon_meta) check parameters
[0.184s] Level 1:colcon.colcon_core.package_discovery:discover_packages(recursive) check parameters
[0.184s] Level 1:colcon.colcon_core.package_discovery:discover_packages(ignore) check parameters
[0.184s] Level 1:colcon.colcon_core.package_discovery:discover_packages(path) check parameters
[0.184s] Level 1:colcon.colcon_core.package_discovery:discover_packages(colcon_meta) discover
[0.184s] Level 1:colcon.colcon_core.package_discovery:discover_packages(recursive) discover
[0.184s] INFO:colcon.colcon_core.package_discovery:Crawling recursively for packages in '/home/quanmh25/quanmh/diffdrive_aruco_follow/workspace'
[0.184s] Level 1:colcon.colcon_core.package_identification:_identify(.) by extensions ['ignore', 'ignore_ament_install']
[0.184s] Level 1:colcon.colcon_core.package_identification:_identify(.) by extension 'ignore'
[0.185s] Level 1:colcon.colcon_core.package_identification:_identify(.) by extension 'ignore_ament_install'
[0.185s] Level 1:colcon.colcon_core.package_identification:_identify(.) by extensions ['colcon_pkg']
[0.185s] Level 1:colcon.colcon_core.package_identification:_identify(.) by extension 'colcon_pkg'
[0.185s] Level 1:colcon.colcon_core.package_identification:_identify(.) by extensions ['colcon_meta']
[0.185s] Level 1:colcon.colcon_core.package_identification:_identify(.) by extension 'colcon_meta'
[0.185s] Level 1:colcon.colcon_core.package_identification:_identify(.) by extensions ['ros']
[0.185s] Level 1:colcon.colcon_core.package_identification:_identify(.) by extension 'ros'
[0.217s] Level 1:colcon.colcon_core.package_identification:_identify(.) by extensions ['cmake', 'python']
[0.217s] Level 1:colcon.colcon_core.package_identification:_identify(.) by extension 'cmake'
[0.217s] Level 1:colcon.colcon_core.package_identification:_identify(.) by extension 'python'
[0.217s] Level 1:colcon.colcon_core.package_identification:_identify(.) by extensions ['python_setup_py']
[0.217s] Level 1:colcon.colcon_core.package_identification:_identify(.) by extension 'python_setup_py'
[0.218s] Level 1:colcon.colcon_core.package_identification:_identify(build) by extensions ['ignore', 'ignore_ament_install']
[0.218s] Level 1:colcon.colcon_core.package_identification:_identify(build) by extension 'ignore'
[0.218s] Level 1:colcon.colcon_core.package_identification:_identify(build) ignored
[0.218s] Level 1:colcon.colcon_core.package_identification:_identify(install) by extensions ['ignore', 'ignore_ament_install']
[0.218s] Level 1:colcon.colcon_core.package_identification:_identify(install) by extension 'ignore'
[0.218s] Level 1:colcon.colcon_core.package_identification:_identify(install) ignored
[0.218s] Level 1:colcon.colcon_core.package_identification:_identify(log) by extensions ['ignore', 'ignore_ament_install']
[0.219s] Level 1:colcon.colcon_core.package_identification:_identify(log) by extension 'ignore'
[0.219s] Level 1:colcon.colcon_core.package_identification:_identify(log) ignored
[0.219s] Level 1:colcon.colcon_core.package_identification:_identify(src) by extensions ['ignore', 'ignore_ament_install']
[0.219s] Level 1:colcon.colcon_core.package_identification:_identify(src) by extension 'ignore'
[0.219s] Level 1:colcon.colcon_core.package_identification:_identify(src) by extension 'ignore_ament_install'
[0.219s] Level 1:colcon.colcon_core.package_identification:_identify(src) by extensions ['colcon_pkg']
[0.219s] Level 1:colcon.colcon_core.package_identification:_identify(src) by extension 'colcon_pkg'
[0.219s] Level 1:colcon.colcon_core.package_identification:_identify(src) by extensions ['colcon_meta']
[0.219s] Level 1:colcon.colcon_core.package_identification:_identify(src) by extension 'colcon_meta'
[0.219s] Level 1:colcon.colcon_core.package_identification:_identify(src) by extensions ['ros']
[0.219s] Level 1:colcon.colcon_core.package_identification:_identify(src) by extension 'ros'
[0.219s] Level 1:colcon.colcon_core.package_identification:_identify(src) by extensions ['cmake', 'python']
[0.219s] Level 1:colcon.colcon_core.package_identification:_identify(src) by extension 'cmake'
[0.219s] Level 1:colcon.colcon_core.package_identification:_identify(src) by extension 'python'
[0.219s] Level 1:colcon.colcon_core.package_identification:_identify(src) by extensions ['python_setup_py']
[0.219s] Level 1:colcon.colcon_core.package_identification:_identify(src) by extension 'python_setup_py'
[0.220s] Level 1:colcon.colcon_core.package_identification:_identify(src/follower_control) by extensions ['ignore', 'ignore_ament_install']
[0.220s] Level 1:colcon.colcon_core.package_identification:_identify(src/follower_control) by extension 'ignore'
[0.220s] Level 1:colcon.colcon_core.package_identification:_identify(src/follower_control) by extension 'ignore_ament_install'
[0.220s] Level 1:colcon.colcon_core.package_identification:_identify(src/follower_control) by extensions ['colcon_pkg']
[0.220s] Level 1:colcon.colcon_core.package_identification:_identify(src/follower_control) by extension 'colcon_pkg'
[0.220s] Level 1:colcon.colcon_core.package_identification:_identify(src/follower_control) by extensions ['colcon_meta']
[0.220s] Level 1:colcon.colcon_core.package_identification:_identify(src/follower_control) by extension 'colcon_meta'
[0.220s] Level 1:colcon.colcon_core.package_identification:_identify(src/follower_control) by extensions ['ros']
[0.220s] Level 1:colcon.colcon_core.package_identification:_identify(src/follower_control) by extension 'ros'
[0.223s] DEBUG:colcon.colcon_core.package_identification:Package 'src/follower_control' with type 'ros.ament_python' and name 'follower_control'
[0.223s] Level 1:colcon.colcon_core.package_identification:_identify(src/follower_scene) by extensions ['ignore', 'ignore_ament_install']
[0.223s] Level 1:colcon.colcon_core.package_identification:_identify(src/follower_scene) by extension 'ignore'
[0.223s] Level 1:colcon.colcon_core.package_identification:_identify(src/follower_scene) by extension 'ignore_ament_install'
[0.223s] Level 1:colcon.colcon_core.package_identification:_identify(src/follower_scene) by extensions ['colcon_pkg']
[0.223s] Level 1:colcon.colcon_core.package_identification:_identify(src/follower_scene) by extension 'colcon_pkg'
[0.223s] Level 1:colcon.colcon_core.package_identification:_identify(src/follower_scene) by extensions ['colcon_meta']
[0.224s] Level 1:colcon.colcon_core.package_identification:_identify(src/follower_scene) by extension 'colcon_meta'
[0.224s] Level 1:colcon.colcon_core.package_identification:_identify(src/follower_scene) by extensions ['ros']
[0.224s] Level 1:colcon.colcon_core.package_identification:_identify(src/follower_scene) by extension 'ros'
[0.224s] DEBUG:colcon.colcon_core.package_identification:Package 'src/follower_scene' with type 'ros.ament_cmake' and name 'follower_scene'
[0.224s] Level 1:colcon.colcon_core.package_discovery:discover_packages(recursive) using defaults
[0.224s] Level 1:colcon.colcon_core.package_discovery:discover_packages(ignore) discover
[0.224s] Level 1:colcon.colcon_core.package_discovery:discover_packages(ignore) using defaults
[0.224s] Level 1:colcon.colcon_core.package_discovery:discover_packages(path) discover
[0.224s] Level 1:colcon.colcon_core.package_discovery:discover_packages(path) using defaults
[0.246s] Level 1:colcon.colcon_core.package_discovery:discover_packages(prefix_path) check parameters
[0.246s] Level 1:colcon.colcon_core.package_discovery:discover_packages(prefix_path) discover
[0.249s] DEBUG:colcon.colcon_installed_package_information.package_discovery:Found 2 installed packages in /home/quanmh25/quanmh/diffdrive_aruco_follow/workspace/install
[0.252s] DEBUG:colcon.colcon_installed_package_information.package_discovery:Found 425 installed packages in /opt/ros/jazzy
[0.254s] Level 1:colcon.colcon_core.package_discovery:discover_packages(prefix_path) using defaults
[0.323s] Level 5:colcon.colcon_core.verb:set package 'follower_control' build argument 'cmake_args' from command line to 'None'
[0.323s] Level 5:colcon.colcon_core.verb:set package 'follower_control' build argument 'cmake_target' from command line to 'None'
[0.323s] Level 5:colcon.colcon_core.verb:set package 'follower_control' build argument 'cmake_target_skip_unavailable' from command line to 'False'
[0.323s] Level 5:colcon.colcon_core.verb:set package 'follower_control' build argument 'cmake_clean_cache' from command line to 'False'
[0.324s] Level 5:colcon.colcon_core.verb:set package 'follower_control' build argument 'cmake_clean_first' from command line to 'False'
[0.324s] Level 5:colcon.colcon_core.verb:set package 'follower_control' build argument 'cmake_force_configure' from command line to 'False'
[0.324s] Level 5:colcon.colcon_core.verb:set package 'follower_control' build argument 'ament_cmake_args' from command line to 'None'
[0.324s] Level 5:colcon.colcon_core.verb:set package 'follower_control' build argument 'catkin_cmake_args' from command line to 'None'
[0.324s] Level 5:colcon.colcon_core.verb:set package 'follower_control' build argument 'catkin_skip_building_tests' from command line to 'False'
[0.324s] DEBUG:colcon.colcon_core.verb:Building package 'follower_control' with the following arguments: {'ament_cmake_args': None, 'build_base': '/home/quanmh25/quanmh/diffdrive_aruco_follow/workspace/build/follower_control', 'catkin_cmake_args': None, 'catkin_skip_building_tests': False, 'cmake_args': None, 'cmake_clean_cache': False, 'cmake_clean_first': False, 'cmake_force_configure': False, 'cmake_target': None, 'cmake_target_skip_unavailable': False, 'install_base': '/home/quanmh25/quanmh/diffdrive_aruco_follow/workspace/install/follower_control', 'merge_install': False, 'path': '/home/quanmh25/quanmh/diffdrive_aruco_follow/workspace/src/follower_control', 'symlink_install': False, 'test_result_base': None}
[0.324s] Level 5:colcon.colcon_core.verb:set package 'follower_scene' build argument 'cmake_args' from command line to 'None'
[0.324s] Level 5:colcon.colcon_core.verb:set package 'follower_scene' build argument 'cmake_target' from command line to 'None'
[0.324s] Level 5:colcon.colcon_core.verb:set package 'follower_scene' build argument 'cmake_target_skip_unavailable' from command line to 'False'
[0.324s] Level 5:colcon.colcon_core.verb:set package 'follower_scene' build argument 'cmake_clean_cache' from command line to 'False'
[0.324s] Level 5:colcon.colcon_core.verb:set package 'follower_scene' build argument 'cmake_clean_first' from command line to 'False'
[0.324s] Level 5:colcon.colcon_core.verb:set package 'follower_scene' build argument 'cmake_force_configure' from command line to 'False'
[0.324s] Level 5:colcon.colcon_core.verb:set package 'follower_scene' build argument 'ament_cmake_args' from command line to 'None'
[0.324s] Level 5:colcon.colcon_core.verb:set package 'follower_scene' build argument 'catkin_cmake_args' from command line to 'None'
[0.324s] Level 5:colcon.colcon_core.verb:set package 'follower_scene' build argument 'catkin_skip_building_tests' from command line to 'False'
[0.324s] DEBUG:colcon.colcon_core.verb:Building package 'follower_scene' with the following arguments: {'ament_cmake_args': None, 'build_base': '/home/quanmh25/quanmh/diffdrive_aruco_follow/workspace/build/follower_scene', 'catkin_cmake_args': None, 'catkin_skip_building_tests': False, 'cmake_args': None, 'cmake_clean_cache': False, 'cmake_clean_first': False, 'cmake_force_configure': False, 'cmake_target': None, 'cmake_target_skip_unavailable': False, 'install_base': '/home/quanmh25/quanmh/diffdrive_aruco_follow/workspace/install/follower_scene', 'merge_install': False, 'path': '/home/quanmh25/quanmh/diffdrive_aruco_follow/workspace/src/follower_scene', 'symlink_install': False, 'test_result_base': None}
[0.325s] INFO:colcon.colcon_core.executor:Executing jobs using 'parallel' executor
[0.326s] DEBUG:colcon.colcon_parallel_executor.executor.parallel:run_until_complete
[0.326s] INFO:colcon.colcon_ros.task.ament_python.build:Building ROS package in '/home/quanmh25/quanmh/diffdrive_aruco_follow/workspace/src/follower_control' with build type 'ament_python'
[0.327s] Level 1:colcon.colcon_core.shell:create_environment_hook('follower_control', 'ament_prefix_path')
[0.331s] INFO:colcon.colcon_core.plugin_system:Skipping extension 'colcon_core.shell.bat': Not used on non-Windows systems
[0.331s] INFO:colcon.colcon_core.shell:Creating environment hook '/home/quanmh25/quanmh/diffdrive_aruco_follow/workspace/install/follower_control/share/follower_control/hook/ament_prefix_path.ps1'
[0.332s] INFO:colcon.colcon_core.shell:Creating environment descriptor '/home/quanmh25/quanmh/diffdrive_aruco_follow/workspace/install/follower_control/share/follower_control/hook/ament_prefix_path.dsv'
[0.333s] INFO:colcon.colcon_core.shell:Creating environment hook '/home/quanmh25/quanmh/diffdrive_aruco_follow/workspace/install/follower_control/share/follower_control/hook/ament_prefix_path.sh'
[0.334s] INFO:colcon.colcon_core.shell:Skip shell extension 'powershell' for command environment: Not usable outside of PowerShell
[0.334s] DEBUG:colcon.colcon_core.shell:Skip shell extension 'dsv' for command environment
[0.340s] INFO:colcon.colcon_ros.task.ament_cmake.build:Building ROS package in '/home/quanmh25/quanmh/diffdrive_aruco_follow/workspace/src/follower_scene' with build type 'ament_cmake'
[0.340s] INFO:colcon.colcon_cmake.task.cmake.build:Building CMake package in '/home/quanmh25/quanmh/diffdrive_aruco_follow/workspace/src/follower_scene'
[0.340s] INFO:colcon.colcon_core.shell:Skip shell extension 'powershell' for command environment: Not usable outside of PowerShell
[0.341s] DEBUG:colcon.colcon_core.shell:Skip shell extension 'dsv' for command environment
[0.620s] INFO:colcon.colcon_core.task.python.build:Building Python package in '/home/quanmh25/quanmh/diffdrive_aruco_follow/workspace/src/follower_control'
[0.620s] INFO:colcon.colcon_core.shell:Skip shell extension 'powershell' for command environment: Not usable outside of PowerShell
[0.620s] DEBUG:colcon.colcon_core.shell:Skip shell extension 'dsv' for command environment
[0.633s] DEBUG:colcon.colcon_core.event_handler.log_command:Invoking command in '/home/quanmh25/quanmh/diffdrive_aruco_follow/workspace/build/follower_scene': CMAKE_PREFIX_PATH=${CMAKE_PREFIX_PATH}:/home/quanmh25/quanmh/diffdrive_aruco_follow/workspace/install/follower_control:/opt/ros/jazzy DEBUGINFOD_URLS=https://debuginfod.ubuntu.com /usr/bin/cmake --build /home/quanmh25/quanmh/diffdrive_aruco_follow/workspace/build/follower_scene -- -j16 -l16
[0.704s] DEBUG:colcon.colcon_core.event_handler.log_command:Invoked command in '/home/quanmh25/quanmh/diffdrive_aruco_follow/workspace/build/follower_scene' returned '0': CMAKE_PREFIX_PATH=${CMAKE_PREFIX_PATH}:/home/quanmh25/quanmh/diffdrive_aruco_follow/workspace/install/follower_control:/opt/ros/jazzy DEBUGINFOD_URLS=https://debuginfod.ubuntu.com /usr/bin/cmake --build /home/quanmh25/quanmh/diffdrive_aruco_follow/workspace/build/follower_scene -- -j16 -l16
[0.722s] DEBUG:colcon.colcon_core.event_handler.log_command:Invoking command in '/home/quanmh25/quanmh/diffdrive_aruco_follow/workspace/build/follower_scene': CMAKE_PREFIX_PATH=${CMAKE_PREFIX_PATH}:/home/quanmh25/quanmh/diffdrive_aruco_follow/workspace/install/follower_control:/opt/ros/jazzy DEBUGINFOD_URLS=https://debuginfod.ubuntu.com /usr/bin/cmake --install /home/quanmh25/quanmh/diffdrive_aruco_follow/workspace/build/follower_scene
[0.782s] Level 1:colcon.colcon_core.environment:create_environment_scripts_only(follower_scene)
[0.783s] DEBUG:colcon.colcon_core.event_handler.log_command:Invoked command in '/home/quanmh25/quanmh/diffdrive_aruco_follow/workspace/build/follower_scene' returned '0': CMAKE_PREFIX_PATH=${CMAKE_PREFIX_PATH}:/home/quanmh25/quanmh/diffdrive_aruco_follow/workspace/install/follower_control:/opt/ros/jazzy DEBUGINFOD_URLS=https://debuginfod.ubuntu.com /usr/bin/cmake --install /home/quanmh25/quanmh/diffdrive_aruco_follow/workspace/build/follower_scene
[0.787s] Level 1:colcon.colcon_core.environment:checking '/home/quanmh25/quanmh/diffdrive_aruco_follow/workspace/install/follower_scene' for CMake module files
[0.788s] Level 1:colcon.colcon_core.environment:checking '/home/quanmh25/quanmh/diffdrive_aruco_follow/workspace/install/follower_scene' for CMake config files
[0.789s] Level 1:colcon.colcon_core.shell:create_environment_hook('follower_scene', 'cmake_prefix_path')
[0.790s] INFO:colcon.colcon_core.shell:Creating environment hook '/home/quanmh25/quanmh/diffdrive_aruco_follow/workspace/install/follower_scene/share/follower_scene/hook/cmake_prefix_path.ps1'
[0.791s] INFO:colcon.colcon_core.shell:Creating environment descriptor '/home/quanmh25/quanmh/diffdrive_aruco_follow/workspace/install/follower_scene/share/follower_scene/hook/cmake_prefix_path.dsv'
[0.791s] INFO:colcon.colcon_core.shell:Creating environment hook '/home/quanmh25/quanmh/diffdrive_aruco_follow/workspace/install/follower_scene/share/follower_scene/hook/cmake_prefix_path.sh'
[0.793s] Level 1:colcon.colcon_core.environment:checking '/home/quanmh25/quanmh/diffdrive_aruco_follow/workspace/install/follower_scene/bin'
[0.793s] Level 1:colcon.colcon_core.environment:checking '/home/quanmh25/quanmh/diffdrive_aruco_follow/workspace/install/follower_scene/lib/pkgconfig/follower_scene.pc'
[0.793s] Level 1:colcon.colcon_core.environment:checking '/home/quanmh25/quanmh/diffdrive_aruco_follow/workspace/install/follower_scene/lib/python3.12/site-packages'
[0.794s] Level 1:colcon.colcon_core.environment:checking '/home/quanmh25/quanmh/diffdrive_aruco_follow/workspace/install/follower_scene/bin'
[0.794s] INFO:colcon.colcon_core.shell:Creating package script '/home/quanmh25/quanmh/diffdrive_aruco_follow/workspace/install/follower_scene/share/follower_scene/package.ps1'
[0.795s] INFO:colcon.colcon_core.shell:Creating package descriptor '/home/quanmh25/quanmh/diffdrive_aruco_follow/workspace/install/follower_scene/share/follower_scene/package.dsv'
[0.796s] INFO:colcon.colcon_core.shell:Creating package script '/home/quanmh25/quanmh/diffdrive_aruco_follow/workspace/install/follower_scene/share/follower_scene/package.sh'
[0.797s] INFO:colcon.colcon_core.shell:Creating package script '/home/quanmh25/quanmh/diffdrive_aruco_follow/workspace/install/follower_scene/share/follower_scene/package.bash'
[0.798s] INFO:colcon.colcon_core.shell:Creating package script '/home/quanmh25/quanmh/diffdrive_aruco_follow/workspace/install/follower_scene/share/follower_scene/package.zsh'
[0.799s] Level 1:colcon.colcon_core.environment:create_file_with_runtime_dependencies(/home/quanmh25/quanmh/diffdrive_aruco_follow/workspace/install/follower_scene/share/colcon-core/packages/follower_scene)
[0.800s] Level 1:colcon.colcon_core.environment:create_environment_scripts_only(follower_scene)
[0.800s] Level 1:colcon.colcon_core.environment:checking '/home/quanmh25/quanmh/diffdrive_aruco_follow/workspace/install/follower_scene' for CMake module files
[0.801s] Level 1:colcon.colcon_core.environment:checking '/home/quanmh25/quanmh/diffdrive_aruco_follow/workspace/install/follower_scene' for CMake config files
[0.802s] Level 1:colcon.colcon_core.shell:create_environment_hook('follower_scene', 'cmake_prefix_path')
[0.803s] INFO:colcon.colcon_core.shell:Creating environment hook '/home/quanmh25/quanmh/diffdrive_aruco_follow/workspace/install/follower_scene/share/follower_scene/hook/cmake_prefix_path.ps1'
[0.804s] INFO:colcon.colcon_core.shell:Creating environment descriptor '/home/quanmh25/quanmh/diffdrive_aruco_follow/workspace/install/follower_scene/share/follower_scene/hook/cmake_prefix_path.dsv'
[0.804s] INFO:colcon.colcon_core.shell:Creating environment hook '/home/quanmh25/quanmh/diffdrive_aruco_follow/workspace/install/follower_scene/share/follower_scene/hook/cmake_prefix_path.sh'
[0.805s] Level 1:colcon.colcon_core.environment:checking '/home/quanmh25/quanmh/diffdrive_aruco_follow/workspace/install/follower_scene/bin'
[0.806s] Level 1:colcon.colcon_core.environment:checking '/home/quanmh25/quanmh/diffdrive_aruco_follow/workspace/install/follower_scene/lib/pkgconfig/follower_scene.pc'
[0.806s] Level 1:colcon.colcon_core.environment:checking '/home/quanmh25/quanmh/diffdrive_aruco_follow/workspace/install/follower_scene/lib/python3.12/site-packages'
[0.807s] Level 1:colcon.colcon_core.environment:checking '/home/quanmh25/quanmh/diffdrive_aruco_follow/workspace/install/follower_scene/bin'
[0.807s] INFO:colcon.colcon_core.shell:Creating package script '/home/quanmh25/quanmh/diffdrive_aruco_follow/workspace/install/follower_scene/share/follower_scene/package.ps1'
[0.809s] INFO:colcon.colcon_core.shell:Creating package descriptor '/home/quanmh25/quanmh/diffdrive_aruco_follow/workspace/install/follower_scene/share/follower_scene/package.dsv'
[0.809s] INFO:colcon.colcon_core.shell:Creating package script '/home/quanmh25/quanmh/diffdrive_aruco_follow/workspace/install/follower_scene/share/follower_scene/package.sh'
[0.810s] INFO:colcon.colcon_core.shell:Creating package script '/home/quanmh25/quanmh/diffdrive_aruco_follow/workspace/install/follower_scene/share/follower_scene/package.bash'
[0.811s] INFO:colcon.colcon_core.shell:Creating package script '/home/quanmh25/quanmh/diffdrive_aruco_follow/workspace/install/follower_scene/share/follower_scene/package.zsh'
[0.811s] Level 1:colcon.colcon_core.environment:create_file_with_runtime_dependencies(/home/quanmh25/quanmh/diffdrive_aruco_follow/workspace/install/follower_scene/share/colcon-core/packages/follower_scene)
[1.375s] DEBUG:colcon.colcon_core.event_handler.log_command:Invoking command in '/home/quanmh25/quanmh/diffdrive_aruco_follow/workspace/src/follower_control': DEBUGINFOD_URLS=https://debuginfod.ubuntu.com PYTHONPATH=/home/quanmh25/quanmh/diffdrive_aruco_follow/workspace/build/follower_control/prefix_override:/usr/lib/python3/dist-packages/colcon_core/task/python/colcon_distutils_commands:/home/quanmh25/quanmh/diffdrive_aruco_follow/workspace/install/follower_control/lib/python3.12/site-packages:${PYTHONPATH} /usr/bin/python3 -W ignore:setup.py install is deprecated -W ignore:easy_install command is deprecated setup.py egg_info --egg-base ../../build/follower_control build --build-base /home/quanmh25/quanmh/diffdrive_aruco_follow/workspace/build/follower_control/build install --record /home/quanmh25/quanmh/diffdrive_aruco_follow/workspace/build/follower_control/install.log --single-version-externally-managed install_data
[1.705s] Level 1:colcon.colcon_core.environment:checking '/home/quanmh25/quanmh/diffdrive_aruco_follow/workspace/install/follower_control' for CMake module files
[1.706s] DEBUG:colcon.colcon_core.event_handler.log_command:Invoked command in '/home/quanmh25/quanmh/diffdrive_aruco_follow/workspace/src/follower_control' returned '0': DEBUGINFOD_URLS=https://debuginfod.ubuntu.com PYTHONPATH=/home/quanmh25/quanmh/diffdrive_aruco_follow/workspace/build/follower_control/prefix_override:/usr/lib/python3/dist-packages/colcon_core/task/python/colcon_distutils_commands:/home/quanmh25/quanmh/diffdrive_aruco_follow/workspace/install/follower_control/lib/python3.12/site-packages:${PYTHONPATH} /usr/bin/python3 -W ignore:setup.py install is deprecated -W ignore:easy_install command is deprecated setup.py egg_info --egg-base ../../build/follower_control build --build-base /home/quanmh25/quanmh/diffdrive_aruco_follow/workspace/build/follower_control/build install --record /home/quanmh25/quanmh/diffdrive_aruco_follow/workspace/build/follower_control/install.log --single-version-externally-managed install_data
[1.706s] Level 1:colcon.colcon_core.environment:checking '/home/quanmh25/quanmh/diffdrive_aruco_follow/workspace/install/follower_control' for CMake config files
[1.707s] Level 1:colcon.colcon_core.environment:checking '/home/quanmh25/quanmh/diffdrive_aruco_follow/workspace/install/follower_control/lib'
[1.707s] Level 1:colcon.colcon_core.environment:checking '/home/quanmh25/quanmh/diffdrive_aruco_follow/workspace/install/follower_control/bin'
[1.707s] Level 1:colcon.colcon_core.environment:checking '/home/quanmh25/quanmh/diffdrive_aruco_follow/workspace/install/follower_control/lib/pkgconfig/follower_control.pc'
[1.707s] Level 1:colcon.colcon_core.environment:checking '/home/quanmh25/quanmh/diffdrive_aruco_follow/workspace/install/follower_control/lib/python3.12/site-packages'
[1.707s] Level 1:colcon.colcon_core.shell:create_environment_hook('follower_control', 'pythonpath')
[1.707s] INFO:colcon.colcon_core.shell:Creating environment hook '/home/quanmh25/quanmh/diffdrive_aruco_follow/workspace/install/follower_control/share/follower_control/hook/pythonpath.ps1'
[1.708s] INFO:colcon.colcon_core.shell:Creating environment descriptor '/home/quanmh25/quanmh/diffdrive_aruco_follow/workspace/install/follower_control/share/follower_control/hook/pythonpath.dsv'
[1.708s] INFO:colcon.colcon_core.shell:Creating environment hook '/home/quanmh25/quanmh/diffdrive_aruco_follow/workspace/install/follower_control/share/follower_control/hook/pythonpath.sh'
[1.708s] Level 1:colcon.colcon_core.environment:checking '/home/quanmh25/quanmh/diffdrive_aruco_follow/workspace/install/follower_control/bin'
[1.708s] Level 1:colcon.colcon_core.environment:create_environment_scripts_only(follower_control)
[1.709s] INFO:colcon.colcon_core.shell:Creating package script '/home/quanmh25/quanmh/diffdrive_aruco_follow/workspace/install/follower_control/share/follower_control/package.ps1'
[1.709s] INFO:colcon.colcon_core.shell:Creating package descriptor '/home/quanmh25/quanmh/diffdrive_aruco_follow/workspace/install/follower_control/share/follower_control/package.dsv'
[1.709s] INFO:colcon.colcon_core.shell:Creating package script '/home/quanmh25/quanmh/diffdrive_aruco_follow/workspace/install/follower_control/share/follower_control/package.sh'
[1.709s] INFO:colcon.colcon_core.shell:Creating package script '/home/quanmh25/quanmh/diffdrive_aruco_follow/workspace/install/follower_control/share/follower_control/package.bash'
[1.710s] INFO:colcon.colcon_core.shell:Creating package script '/home/quanmh25/quanmh/diffdrive_aruco_follow/workspace/install/follower_control/share/follower_control/package.zsh'
[1.710s] Level 1:colcon.colcon_core.environment:create_file_with_runtime_dependencies(/home/quanmh25/quanmh/diffdrive_aruco_follow/workspace/install/follower_control/share/colcon-core/packages/follower_control)
[1.710s] DEBUG:colcon.colcon_parallel_executor.executor.parallel:closing loop
[1.711s] DEBUG:colcon.colcon_parallel_executor.executor.parallel:loop closed
[1.711s] DEBUG:colcon.colcon_parallel_executor.executor.parallel:run_until_complete finished with '0'
[1.711s] DEBUG:colcon.colcon_core.event_reactor:joining thread
[1.717s] INFO:colcon.colcon_core.plugin_system:Skipping extension 'colcon_notification.desktop_notification.terminal_notifier': Not used on non-Darwin systems
[1.717s] INFO:colcon.colcon_core.plugin_system:Skipping extension 'colcon_notification.desktop_notification.win32': Not used on non-Windows systems
[1.717s] INFO:colcon.colcon_notification.desktop_notification:Sending desktop notification using 'notify2'
[1.731s] DEBUG:colcon.colcon_core.event_reactor:joined thread
[1.731s] INFO:colcon.colcon_core.shell:Creating prefix script '/home/quanmh25/quanmh/diffdrive_aruco_follow/workspace/install/local_setup.ps1'
[1.732s] INFO:colcon.colcon_core.shell:Creating prefix util module '/home/quanmh25/quanmh/diffdrive_aruco_follow/workspace/install/_local_setup_util_ps1.py'
[1.733s] INFO:colcon.colcon_core.shell:Creating prefix chain script '/home/quanmh25/quanmh/diffdrive_aruco_follow/workspace/install/setup.ps1'
[1.734s] INFO:colcon.colcon_core.shell:Creating prefix script '/home/quanmh25/quanmh/diffdrive_aruco_follow/workspace/install/local_setup.sh'
[1.734s] INFO:colcon.colcon_core.shell:Creating prefix util module '/home/quanmh25/quanmh/diffdrive_aruco_follow/workspace/install/_local_setup_util_sh.py'
[1.735s] INFO:colcon.colcon_core.shell:Creating prefix chain script '/home/quanmh25/quanmh/diffdrive_aruco_follow/workspace/install/setup.sh'
[1.735s] INFO:colcon.colcon_core.shell:Creating prefix script '/home/quanmh25/quanmh/diffdrive_aruco_follow/workspace/install/local_setup.bash'
[1.736s] INFO:colcon.colcon_core.shell:Creating prefix chain script '/home/quanmh25/quanmh/diffdrive_aruco_follow/workspace/install/setup.bash'
[1.736s] INFO:colcon.colcon_core.shell:Creating prefix script '/home/quanmh25/quanmh/diffdrive_aruco_follow/workspace/install/local_setup.zsh'
[1.737s] INFO:colcon.colcon_core.shell:Creating prefix chain script '/home/quanmh25/quanmh/diffdrive_aruco_follow/workspace/install/setup.zsh'
