[0.608s] Invoking command in '/home/quanmh25/quanmh/diffdrive_aruco_follow/workspace/src/follower_control': DEBUGINFOD_URLS=https://debuginfod.ubuntu.com PYTHONPATH=/home/quanmh25/quanmh/diffdrive_aruco_follow/workspace/build/follower_control/prefix_override:/usr/lib/python3/dist-packages/colcon_core/task/python/colcon_distutils_commands:/home/quanmh25/quanmh/diffdrive_aruco_follow/workspace/install/follower_control/lib/python3.12/site-packages:${PYTHONPATH} /usr/bin/python3 -W ignore:setup.py install is deprecated -W ignore:easy_install command is deprecated setup.py egg_info --egg-base ../../build/follower_control build --build-base /home/quanmh25/quanmh/diffdrive_aruco_follow/workspace/build/follower_control/build install --record /home/quanmh25/quanmh/diffdrive_aruco_follow/workspace/build/follower_control/install.log --single-version-externally-managed install_data
[0.775s] running egg_info
[0.786s] writing ../../build/follower_control/follower_control.egg-info/PKG-INFO
[0.786s] writing dependency_links to ../../build/follower_control/follower_control.egg-info/dependency_links.txt
[0.786s] writing entry points to ../../build/follower_control/follower_control.egg-info/entry_points.txt
[0.786s] writing requirements to ../../build/follower_control/follower_control.egg-info/requires.txt
[0.786s] writing top-level names to ../../build/follower_control/follower_control.egg-info/top_level.txt
[0.812s] reading manifest file '../../build/follower_control/follower_control.egg-info/SOURCES.txt'
[0.812s] writing manifest file '../../build/follower_control/follower_control.egg-info/SOURCES.txt'
[0.813s] running build
[0.813s] running build_py
[0.813s] copying follower_control/follower_control_node.py -> /home/quanmh25/quanmh/diffdrive_aruco_follow/workspace/build/follower_control/build/lib/follower_control
[0.813s] copying follower_control/leader_control_node.py -> /home/quanmh25/quanmh/diffdrive_aruco_follow/workspace/build/follower_control/build/lib/follower_control
[0.813s] running install
[0.817s] running install_lib
[0.830s] copying /home/quanmh25/quanmh/diffdrive_aruco_follow/workspace/build/follower_control/build/lib/follower_control/follower_control_node.py -> /home/quanmh25/quanmh/diffdrive_aruco_follow/workspace/install/follower_control/lib/python3.12/site-packages/follower_control
[0.830s] copying /home/quanmh25/quanmh/diffdrive_aruco_follow/workspace/build/follower_control/build/lib/follower_control/leader_control_node.py -> /home/quanmh25/quanmh/diffdrive_aruco_follow/workspace/install/follower_control/lib/python3.12/site-packages/follower_control
[0.831s] byte-compiling /home/quanmh25/quanmh/diffdrive_aruco_follow/workspace/install/follower_control/lib/python3.12/site-packages/follower_control/follower_control_node.py to follower_control_node.cpython-312.pyc
[0.834s] byte-compiling /home/quanmh25/quanmh/diffdrive_aruco_follow/workspace/install/follower_control/lib/python3.12/site-packages/follower_control/leader_control_node.py to leader_control_node.cpython-312.pyc
[0.834s] running install_data
[0.835s] running install_egg_info
[0.847s] removing '/home/quanmh25/quanmh/diffdrive_aruco_follow/workspace/install/follower_control/lib/python3.12/site-packages/follower_control-0.0.0-py3.12.egg-info' (and everything under it)
[0.848s] Copying ../../build/follower_control/follower_control.egg-info to /home/quanmh25/quanmh/diffdrive_aruco_follow/workspace/install/follower_control/lib/python3.12/site-packages/follower_control-0.0.0-py3.12.egg-info
[0.849s] running install_scripts
[0.937s] Installing follower_control_node script to /home/quanmh25/quanmh/diffdrive_aruco_follow/workspace/install/follower_control/lib/follower_control
[0.937s] Installing leader_control_node script to /home/quanmh25/quanmh/diffdrive_aruco_follow/workspace/install/follower_control/lib/follower_control
[0.937s] writing list of installed files to '/home/quanmh25/quanmh/diffdrive_aruco_follow/workspace/build/follower_control/install.log'
[0.962s] Invoked command in '/home/quanmh25/quanmh/diffdrive_aruco_follow/workspace/src/follower_control' returned '0': DEBUGINFOD_URLS=https://debuginfod.ubuntu.com PYTHONPATH=/home/quanmh25/quanmh/diffdrive_aruco_follow/workspace/build/follower_control/prefix_override:/usr/lib/python3/dist-packages/colcon_core/task/python/colcon_distutils_commands:/home/quanmh25/quanmh/diffdrive_aruco_follow/workspace/install/follower_control/lib/python3.12/site-packages:${PYTHONPATH} /usr/bin/python3 -W ignore:setup.py install is deprecated -W ignore:easy_install command is deprecated setup.py egg_info --egg-base ../../build/follower_control build --build-base /home/quanmh25/quanmh/diffdrive_aruco_follow/workspace/build/follower_control/build install --record /home/quanmh25/quanmh/diffdrive_aruco_follow/workspace/build/follower_control/install.log --single-version-externally-managed install_data
