-- Found ament_cmake: 2.5.4 (/opt/ros/jazzy/share/ament_cmake/cmake)
-- Override CMake install command with custom implementation using symlinks instead of copying resources
-- Found ament_lint_auto: 0.17.3 (/opt/ros/jazzy/share/ament_lint_auto/cmake)
-- Added test 'flake8' to check Python code syntax and style conventions
-- Configured 'flake8' exclude dirs and/or files: 
-- Added test 'lint_cmake' to check CMake code style
-- Added test 'pep257' to check Python code against some of the docstring style conventions in PEP 257
-- Added test 'xmllint' to check XML markup files
-- Configuring done (0.2s)
-- Generating done (0.0s)
-- Build files have been written to: /home/quanmh25/quanmh/diffdrive_aruco_follow/workspace/build/follower_scene
-- Install configuration: ""
-- Execute custom install script
-- Symlinking: /home/quanmh25/quanmh/diffdrive_aruco_follow/workspace/install/follower_scene/share/follower_scene/launch/bringup.launch.py
-- Symlinking: /home/quanmh25/quanmh/diffdrive_aruco_follow/workspace/install/follower_scene/share/follower_scene/config/diff_follower.yaml
-- Symlinking: /home/quanmh25/quanmh/diffdrive_aruco_follow/workspace/install/follower_scene/share/follower_scene/config/diff_leader.yaml
-- Symlinking: /home/quanmh25/quanmh/diffdrive_aruco_follow/workspace/install/follower_scene/share/follower_scene/config/ros_gz_bridge.yaml
-- Symlinking: /home/quanmh25/quanmh/diffdrive_aruco_follow/workspace/install/follower_scene/share/follower_scene/config/rviz.rviz
-- Symlinking: /home/quanmh25/quanmh/diffdrive_aruco_follow/workspace/install/follower_scene/share/follower_scene/urdf/follower_robot.xacro
-- Symlinking: /home/quanmh25/quanmh/diffdrive_aruco_follow/workspace/install/follower_scene/share/follower_scene/urdf/inertial.xacro
-- Symlinking: /home/quanmh25/quanmh/diffdrive_aruco_follow/workspace/install/follower_scene/share/follower_scene/urdf/leader_robot.xacro
-- Symlinking: /home/quanmh25/quanmh/diffdrive_aruco_follow/workspace/install/follower_scene/share/follower_scene/urdf/materials.xacro
-- Symlinking: /home/quanmh25/quanmh/diffdrive_aruco_follow/workspace/install/follower_scene/share/follower_scene/urdf/wheel.xacro
-- Symlinking: /home/quanmh25/quanmh/diffdrive_aruco_follow/workspace/install/follower_scene/share/follower_scene/models/Palette.jpg
-- Symlinking: /home/quanmh25/quanmh/diffdrive_aruco_follow/workspace/install/follower_scene/share/follower_scene/models/Palette.jpg.001.jpg
-- Symlinking: /home/quanmh25/quanmh/diffdrive_aruco_follow/workspace/install/follower_scene/share/follower_scene/models/Palette.jpg.002.jpg
-- Symlinking: /home/quanmh25/quanmh/diffdrive_aruco_follow/workspace/install/follower_scene/share/follower_scene/models/Palette.jpg.003.jpg
-- Symlinking: /home/quanmh25/quanmh/diffdrive_aruco_follow/workspace/install/follower_scene/share/follower_scene/models/Palette.jpg.004.jpg
-- Symlinking: /home/quanmh25/quanmh/diffdrive_aruco_follow/workspace/install/follower_scene/share/follower_scene/models/Palette.jpg.005.jpg
-- Symlinking: /home/quanmh25/quanmh/diffdrive_aruco_follow/workspace/install/follower_scene/share/follower_scene/models/aruco_1/model.config
-- Symlinking: /home/quanmh25/quanmh/diffdrive_aruco_follow/workspace/install/follower_scene/share/follower_scene/models/aruco_1/model.sdf
-- Symlinking: /home/quanmh25/quanmh/diffdrive_aruco_follow/workspace/install/follower_scene/share/follower_scene/models/aruco_1/textures/marker_3.png
-- Symlinking: /home/quanmh25/quanmh/diffdrive_aruco_follow/workspace/install/follower_scene/share/follower_scene/models/aruco_2/model.config
-- Symlinking: /home/quanmh25/quanmh/diffdrive_aruco_follow/workspace/install/follower_scene/share/follower_scene/models/aruco_2/model.sdf
-- Symlinking: /home/quanmh25/quanmh/diffdrive_aruco_follow/workspace/install/follower_scene/share/follower_scene/models/aruco_2/textures/marker_23.png
-- Symlinking: /home/quanmh25/quanmh/diffdrive_aruco_follow/workspace/install/follower_scene/share/follower_scene/models/aruco_3/model.config
-- Symlinking: /home/quanmh25/quanmh/diffdrive_aruco_follow/workspace/install/follower_scene/share/follower_scene/models/aruco_3/model.sdf
-- Symlinking: /home/quanmh25/quanmh/diffdrive_aruco_follow/workspace/install/follower_scene/share/follower_scene/models/aruco_3/textures/marker_42.png
-- Symlinking: /home/quanmh25/quanmh/diffdrive_aruco_follow/workspace/install/follower_scene/share/follower_scene/models/diff_drive_robot/urdf/diff_drive_robot.gazebo
-- Symlinking: /home/quanmh25/quanmh/diffdrive_aruco_follow/workspace/install/follower_scene/share/follower_scene/models/diff_drive_robot/urdf/diff_drive_robot.xacro
-- Symlinking: /home/quanmh25/quanmh/diffdrive_aruco_follow/workspace/install/follower_scene/share/follower_scene/models/diff_drive_robot/urdf/materials.xacro
-- Symlinking: /home/quanmh25/quanmh/diffdrive_aruco_follow/workspace/install/follower_scene/share/follower_scene/models/finish.png
-- Symlinking: /home/quanmh25/quanmh/diffdrive_aruco_follow/workspace/install/follower_scene/share/follower_scene/models/my_robot/urdf/macros.xacro
-- Symlinking: /home/quanmh25/quanmh/diffdrive_aruco_follow/workspace/install/follower_scene/share/follower_scene/models/my_robot/urdf/materials.xacro
-- Symlinking: /home/quanmh25/quanmh/diffdrive_aruco_follow/workspace/install/follower_scene/share/follower_scene/models/my_robot/urdf/my_robot.gazebo
-- Symlinking: /home/quanmh25/quanmh/diffdrive_aruco_follow/workspace/install/follower_scene/share/follower_scene/models/my_robot/urdf/my_robot.xacro
-- Symlinking: /home/quanmh25/quanmh/diffdrive_aruco_follow/workspace/install/follower_scene/share/follower_scene/models/pole.jpg
-- Symlinking: /home/quanmh25/quanmh/diffdrive_aruco_follow/workspace/install/follower_scene/share/follower_scene/models/track_2024.dae
-- Symlinking: /home/quanmh25/quanmh/diffdrive_aruco_follow/workspace/install/follower_scene/share/follower_scene/models/zabor.jpg
-- Symlinking: /home/quanmh25/quanmh/diffdrive_aruco_follow/workspace/install/follower_scene/share/follower_scene/worlds/map.sdf
-- Symlinking: /home/quanmh25/quanmh/diffdrive_aruco_follow/workspace/install/follower_scene/share/ament_index/resource_index/package_run_dependencies/follower_scene
-- Symlinking: /home/quanmh25/quanmh/diffdrive_aruco_follow/workspace/install/follower_scene/share/ament_index/resource_index/parent_prefix_path/follower_scene
-- Symlinking: /home/quanmh25/quanmh/diffdrive_aruco_follow/workspace/install/follower_scene/share/follower_scene/environment/ament_prefix_path.sh
-- Symlinking: /home/quanmh25/quanmh/diffdrive_aruco_follow/workspace/install/follower_scene/share/follower_scene/environment/ament_prefix_path.dsv
-- Symlinking: /home/quanmh25/quanmh/diffdrive_aruco_follow/workspace/install/follower_scene/share/follower_scene/environment/path.sh
-- Symlinking: /home/quanmh25/quanmh/diffdrive_aruco_follow/workspace/install/follower_scene/share/follower_scene/environment/path.dsv
-- Symlinking: /home/quanmh25/quanmh/diffdrive_aruco_follow/workspace/install/follower_scene/share/follower_scene/local_setup.bash
-- Symlinking: /home/quanmh25/quanmh/diffdrive_aruco_follow/workspace/install/follower_scene/share/follower_scene/local_setup.sh
-- Symlinking: /home/quanmh25/quanmh/diffdrive_aruco_follow/workspace/install/follower_scene/share/follower_scene/local_setup.zsh
-- Symlinking: /home/quanmh25/quanmh/diffdrive_aruco_follow/workspace/install/follower_scene/share/follower_scene/local_setup.dsv
-- Symlinking: /home/quanmh25/quanmh/diffdrive_aruco_follow/workspace/install/follower_scene/share/follower_scene/package.dsv
-- Symlinking: /home/quanmh25/quanmh/diffdrive_aruco_follow/workspace/install/follower_scene/share/ament_index/resource_index/packages/follower_scene
-- Symlinking: /home/quanmh25/quanmh/diffdrive_aruco_follow/workspace/install/follower_scene/share/follower_scene/cmake/follower_sceneConfig.cmake
-- Symlinking: /home/quanmh25/quanmh/diffdrive_aruco_follow/workspace/install/follower_scene/share/follower_scene/cmake/follower_sceneConfig-version.cmake
-- Symlinking: /home/quanmh25/quanmh/diffdrive_aruco_follow/workspace/install/follower_scene/share/follower_scene/package.xml
