[0.472s] Invoking command in '/home/quanmh25/quanmh/diffdrive_aruco_follow/workspace/src/follower_control': DEBUGINFOD_URLS=https://debuginfod.ubuntu.com PYTHONPATH=/home/quanmh25/quanmh/diffdrive_aruco_follow/workspace/build/follower_control/prefix_override:/usr/lib/python3/dist-packages/colcon_core/task/python/colcon_distutils_commands:/home/quanmh25/quanmh/diffdrive_aruco_follow/workspace/install/follower_control/lib/python3.12/site-packages: /usr/bin/python3 -W ignore:setup.py install is deprecated -W ignore:easy_install command is deprecated setup.py egg_info --egg-base ../../build/follower_control build --build-base /home/quanmh25/quanmh/diffdrive_aruco_follow/workspace/build/follower_control/build install --record /home/quanmh25/quanmh/diffdrive_aruco_follow/workspace/build/follower_control/install.log --single-version-externally-managed install_data
[0.606s] running egg_info
[0.612s] writing ../../build/follower_control/follower_control.egg-info/PKG-INFO
[0.612s] writing dependency_links to ../../build/follower_control/follower_control.egg-info/dependency_links.txt
[0.613s] writing entry points to ../../build/follower_control/follower_control.egg-info/entry_points.txt
[0.613s] writing requirements to ../../build/follower_control/follower_control.egg-info/requires.txt
[0.613s] writing top-level names to ../../build/follower_control/follower_control.egg-info/top_level.txt
[0.627s] reading manifest file '../../build/follower_control/follower_control.egg-info/SOURCES.txt'
[0.628s] writing manifest file '../../build/follower_control/follower_control.egg-info/SOURCES.txt'
[0.628s] running build
[0.628s] running build_py
[0.628s] copying follower_control/follower_control_node.py -> /home/quanmh25/quanmh/diffdrive_aruco_follow/workspace/build/follower_control/build/lib/follower_control
[0.629s] running install
[0.633s] running install_lib
[0.640s] copying /home/quanmh25/quanmh/diffdrive_aruco_follow/workspace/build/follower_control/build/lib/follower_control/follower_control_node.py -> /home/quanmh25/quanmh/diffdrive_aruco_follow/workspace/install/follower_control/lib/python3.12/site-packages/follower_control
[0.641s] byte-compiling /home/quanmh25/quanmh/diffdrive_aruco_follow/workspace/install/follower_control/lib/python3.12/site-packages/follower_control/follower_control_node.py to follower_control_node.cpython-312.pyc
[0.645s] running install_data
[0.646s] running install_egg_info
[0.653s] removing '/home/quanmh25/quanmh/diffdrive_aruco_follow/workspace/install/follower_control/lib/python3.12/site-packages/follower_control-0.0.0-py3.12.egg-info' (and everything under it)
[0.654s] Copying ../../build/follower_control/follower_control.egg-info to /home/quanmh25/quanmh/diffdrive_aruco_follow/workspace/install/follower_control/lib/python3.12/site-packages/follower_control-0.0.0-py3.12.egg-info
[0.655s] running install_scripts
[0.715s] Installing follower_control_node script to /home/quanmh25/quanmh/diffdrive_aruco_follow/workspace/install/follower_control/lib/follower_control
[0.715s] Installing leader_control_node script to /home/quanmh25/quanmh/diffdrive_aruco_follow/workspace/install/follower_control/lib/follower_control
[0.716s] writing list of installed files to '/home/quanmh25/quanmh/diffdrive_aruco_follow/workspace/build/follower_control/install.log'
[0.737s] Invoked command in '/home/quanmh25/quanmh/diffdrive_aruco_follow/workspace/src/follower_control' returned '0': DEBUGINFOD_URLS=https://debuginfod.ubuntu.com PYTHONPATH=/home/quanmh25/quanmh/diffdrive_aruco_follow/workspace/build/follower_control/prefix_override:/usr/lib/python3/dist-packages/colcon_core/task/python/colcon_distutils_commands:/home/quanmh25/quanmh/diffdrive_aruco_follow/workspace/install/follower_control/lib/python3.12/site-packages: /usr/bin/python3 -W ignore:setup.py install is deprecated -W ignore:easy_install command is deprecated setup.py egg_info --egg-base ../../build/follower_control build --build-base /home/quanmh25/quanmh/diffdrive_aruco_follow/workspace/build/follower_control/build install --record /home/quanmh25/quanmh/diffdrive_aruco_follow/workspace/build/follower_control/install.log --single-version-externally-managed install_data
