running develop
Removing /home/quanmh25/quanmh/diffdrive_aruco_follow/workspace/install/follower_control/lib/python3.12/site-packages/follower-control.egg-link (link to .)
running egg_info
writing ../../build/follower_control/follower_control.egg-info/PKG-INFO
writing dependency_links to ../../build/follower_control/follower_control.egg-info/dependency_links.txt
writing entry points to ../../build/follower_control/follower_control.egg-info/entry_points.txt
writing requirements to ../../build/follower_control/follower_control.egg-info/requires.txt
writing top-level names to ../../build/follower_control/follower_control.egg-info/top_level.txt
reading manifest file '../../build/follower_control/follower_control.egg-info/SOURCES.txt'
writing manifest file '../../build/follower_control/follower_control.egg-info/SOURCES.txt'
running build
running build_py
copying follower_control/leader_control_node.py -> /home/quanmh25/quanmh/diffdrive_aruco_follow/workspace/build/follower_control/build/lib/follower_control
running install
running install_lib
copying /home/quanmh25/quanmh/diffdrive_aruco_follow/workspace/build/follower_control/build/lib/follower_control/kalman_filter.py -> /home/quanmh25/quanmh/diffdrive_aruco_follow/workspace/install/follower_control/lib/python3.12/site-packages/follower_control
copying /home/quanmh25/quanmh/diffdrive_aruco_follow/workspace/build/follower_control/build/lib/follower_control/__init__.py -> /home/quanmh25/quanmh/diffdrive_aruco_follow/workspace/install/follower_control/lib/python3.12/site-packages/follower_control
copying /home/quanmh25/quanmh/diffdrive_aruco_follow/workspace/build/follower_control/build/lib/follower_control/utils.py -> /home/quanmh25/quanmh/diffdrive_aruco_follow/workspace/install/follower_control/lib/python3.12/site-packages/follower_control
copying /home/quanmh25/quanmh/diffdrive_aruco_follow/workspace/build/follower_control/build/lib/follower_control/aruco_detector.py -> /home/quanmh25/quanmh/diffdrive_aruco_follow/workspace/install/follower_control/lib/python3.12/site-packages/follower_control
copying /home/quanmh25/quanmh/diffdrive_aruco_follow/workspace/build/follower_control/build/lib/follower_control/follower_control_node.py -> /home/quanmh25/quanmh/diffdrive_aruco_follow/workspace/install/follower_control/lib/python3.12/site-packages/follower_control
copying /home/quanmh25/quanmh/diffdrive_aruco_follow/workspace/build/follower_control/build/lib/follower_control/pd_controller.py -> /home/quanmh25/quanmh/diffdrive_aruco_follow/workspace/install/follower_control/lib/python3.12/site-packages/follower_control
copying /home/quanmh25/quanmh/diffdrive_aruco_follow/workspace/build/follower_control/build/lib/follower_control/leader_control_node.py -> /home/quanmh25/quanmh/diffdrive_aruco_follow/workspace/install/follower_control/lib/python3.12/site-packages/follower_control
byte-compiling /home/quanmh25/quanmh/diffdrive_aruco_follow/workspace/install/follower_control/lib/python3.12/site-packages/follower_control/kalman_filter.py to kalman_filter.cpython-312.pyc
byte-compiling /home/quanmh25/quanmh/diffdrive_aruco_follow/workspace/install/follower_control/lib/python3.12/site-packages/follower_control/__init__.py to __init__.cpython-312.pyc
byte-compiling /home/quanmh25/quanmh/diffdrive_aruco_follow/workspace/install/follower_control/lib/python3.12/site-packages/follower_control/utils.py to utils.cpython-312.pyc
byte-compiling /home/quanmh25/quanmh/diffdrive_aruco_follow/workspace/install/follower_control/lib/python3.12/site-packages/follower_control/aruco_detector.py to aruco_detector.cpython-312.pyc
byte-compiling /home/quanmh25/quanmh/diffdrive_aruco_follow/workspace/install/follower_control/lib/python3.12/site-packages/follower_control/follower_control_node.py to follower_control_node.cpython-312.pyc
byte-compiling /home/quanmh25/quanmh/diffdrive_aruco_follow/workspace/install/follower_control/lib/python3.12/site-packages/follower_control/pd_controller.py to pd_controller.cpython-312.pyc
byte-compiling /home/quanmh25/quanmh/diffdrive_aruco_follow/workspace/install/follower_control/lib/python3.12/site-packages/follower_control/leader_control_node.py to leader_control_node.cpython-312.pyc
running install_data
copying resource/follower_control -> /home/quanmh25/quanmh/diffdrive_aruco_follow/workspace/install/follower_control/share/ament_index/resource_index/packages
copying package.xml -> /home/quanmh25/quanmh/diffdrive_aruco_follow/workspace/install/follower_control/share/follower_control
copying launch/run.launch.py -> /home/quanmh25/quanmh/diffdrive_aruco_follow/workspace/install/follower_control/share/follower_control/launch
running install_egg_info
Copying ../../build/follower_control/follower_control.egg-info to /home/quanmh25/quanmh/diffdrive_aruco_follow/workspace/install/follower_control/lib/python3.12/site-packages/follower_control-0.0.0-py3.12.egg-info
running install_scripts
Installing follower_control_node script to /home/quanmh25/quanmh/diffdrive_aruco_follow/workspace/install/follower_control/lib/follower_control
Installing leader_control_node script to /home/quanmh25/quanmh/diffdrive_aruco_follow/workspace/install/follower_control/lib/follower_control
writing list of installed files to '/home/quanmh25/quanmh/diffdrive_aruco_follow/workspace/build/follower_control/install.log'
