[0.181s] Invoking command in '/home/quanmh25/quanmh/diffdrive_aruco_follow/workspace/build/follower_scene': CMAKE_PREFIX_PATH=${CMAKE_PREFIX_PATH}:/home/quanmh25/quanmh/diffdrive_aruco_docking/workspace/install/robot_controller:/home/quanmh25/quanmh/diffdrive_aruco_docking/install/robot_controller:/opt/ros/jazzy DEBUGINFOD_URLS=https://debuginfod.ubuntu.com /usr/bin/cmake /home/quanmh25/quanmh/diffdrive_aruco_follow/workspace/src/follower_scene -DAMENT_CMAKE_SYMLINK_INSTALL=1 -DCMAKE_INSTALL_PREFIX=/home/quanmh25/quanmh/diffdrive_aruco_follow/workspace/install/follower_scene
[0.194s] -- Found ament_cmake: 2.5.4 (/opt/ros/jazzy/share/ament_cmake/cmake)
[0.381s] -- Override CMake install command with custom implementation using symlinks instead of copying resources
[0.387s] -- Found ament_lint_auto: 0.17.3 (/opt/ros/jazzy/share/ament_lint_auto/cmake)
[0.474s] -- Added test 'flake8' to check Python code syntax and style conventions
[0.474s] -- Configured 'flake8' exclude dirs and/or files: 
[0.475s] -- Added test 'lint_cmake' to check CMake code style
[0.476s] -- Added test 'pep257' to check Python code against some of the docstring style conventions in PEP 257
[0.483s] -- Added test 'xmllint' to check XML markup files
[0.483s] -- Configuring done (0.3s)
[0.487s] -- Generating done (0.0s)
[0.489s] -- Build files have been written to: /home/quanmh25/quanmh/diffdrive_aruco_follow/workspace/build/follower_scene
[0.492s] Invoked command in '/home/quanmh25/quanmh/diffdrive_aruco_follow/workspace/build/follower_scene' returned '0': CMAKE_PREFIX_PATH=${CMAKE_PREFIX_PATH}:/home/quanmh25/quanmh/diffdrive_aruco_docking/workspace/install/robot_controller:/home/quanmh25/quanmh/diffdrive_aruco_docking/install/robot_controller:/opt/ros/jazzy DEBUGINFOD_URLS=https://debuginfod.ubuntu.com /usr/bin/cmake /home/quanmh25/quanmh/diffdrive_aruco_follow/workspace/src/follower_scene -DAMENT_CMAKE_SYMLINK_INSTALL=1 -DCMAKE_INSTALL_PREFIX=/home/quanmh25/quanmh/diffdrive_aruco_follow/workspace/install/follower_scene
[0.493s] Invoking command in '/home/quanmh25/quanmh/diffdrive_aruco_follow/workspace/build/follower_scene': CMAKE_PREFIX_PATH=${CMAKE_PREFIX_PATH}:/home/quanmh25/quanmh/diffdrive_aruco_docking/workspace/install/robot_controller:/home/quanmh25/quanmh/diffdrive_aruco_docking/install/robot_controller:/opt/ros/jazzy DEBUGINFOD_URLS=https://debuginfod.ubuntu.com /usr/bin/cmake --build /home/quanmh25/quanmh/diffdrive_aruco_follow/workspace/build/follower_scene -- -j16 -l16
[0.536s] Invoked command in '/home/quanmh25/quanmh/diffdrive_aruco_follow/workspace/build/follower_scene' returned '0': CMAKE_PREFIX_PATH=${CMAKE_PREFIX_PATH}:/home/quanmh25/quanmh/diffdrive_aruco_docking/workspace/install/robot_controller:/home/quanmh25/quanmh/diffdrive_aruco_docking/install/robot_controller:/opt/ros/jazzy DEBUGINFOD_URLS=https://debuginfod.ubuntu.com /usr/bin/cmake --build /home/quanmh25/quanmh/diffdrive_aruco_follow/workspace/build/follower_scene -- -j16 -l16
[0.547s] Invoking command in '/home/quanmh25/quanmh/diffdrive_aruco_follow/workspace/build/follower_scene': CMAKE_PREFIX_PATH=${CMAKE_PREFIX_PATH}:/home/quanmh25/quanmh/diffdrive_aruco_docking/workspace/install/robot_controller:/home/quanmh25/quanmh/diffdrive_aruco_docking/install/robot_controller:/opt/ros/jazzy DEBUGINFOD_URLS=https://debuginfod.ubuntu.com /usr/bin/cmake --install /home/quanmh25/quanmh/diffdrive_aruco_follow/workspace/build/follower_scene
[0.555s] -- Install configuration: ""
[0.556s] -- Execute custom install script
[0.556s] -- Symlinking: /home/quanmh25/quanmh/diffdrive_aruco_follow/workspace/install/follower_scene/share/follower_scene/launch/__pycache__/bringup.launch.cpython-312.pyc
[0.566s] -- Up-to-date symlink: /home/quanmh25/quanmh/diffdrive_aruco_follow/workspace/install/follower_scene/share/follower_scene/launch/bringup.launch.py
[0.567s] -- Up-to-date symlink: /home/quanmh25/quanmh/diffdrive_aruco_follow/workspace/install/follower_scene/share/follower_scene/config/diff_follower.yaml
[0.567s] -- Up-to-date symlink: /home/quanmh25/quanmh/diffdrive_aruco_follow/workspace/install/follower_scene/share/follower_scene/config/diff_leader.yaml
[0.567s] -- Up-to-date symlink: /home/quanmh25/quanmh/diffdrive_aruco_follow/workspace/install/follower_scene/share/follower_scene/config/ros_gz_bridge.yaml
[0.567s] -- Up-to-date symlink: /home/quanmh25/quanmh/diffdrive_aruco_follow/workspace/install/follower_scene/share/follower_scene/config/rviz.rviz
[0.567s] -- Up-to-date symlink: /home/quanmh25/quanmh/diffdrive_aruco_follow/workspace/install/follower_scene/share/follower_scene/urdf/follower_robot.xacro
[0.567s] -- Up-to-date symlink: /home/quanmh25/quanmh/diffdrive_aruco_follow/workspace/install/follower_scene/share/follower_scene/urdf/inertial.xacro
[0.567s] -- Up-to-date symlink: /home/quanmh25/quanmh/diffdrive_aruco_follow/workspace/install/follower_scene/share/follower_scene/urdf/leader_robot.xacro
[0.567s] -- Up-to-date symlink: /home/quanmh25/quanmh/diffdrive_aruco_follow/workspace/install/follower_scene/share/follower_scene/urdf/materials.xacro
[0.567s] -- Up-to-date symlink: /home/quanmh25/quanmh/diffdrive_aruco_follow/workspace/install/follower_scene/share/follower_scene/urdf/wheel.xacro
[0.568s] -- Up-to-date symlink: /home/quanmh25/quanmh/diffdrive_aruco_follow/workspace/install/follower_scene/share/follower_scene/models/Palette.jpg
[0.568s] -- Up-to-date symlink: /home/quanmh25/quanmh/diffdrive_aruco_follow/workspace/install/follower_scene/share/follower_scene/models/Palette.jpg.001.jpg
[0.568s] -- Up-to-date symlink: /home/quanmh25/quanmh/diffdrive_aruco_follow/workspace/install/follower_scene/share/follower_scene/models/Palette.jpg.002.jpg
[0.568s] -- Up-to-date symlink: /home/quanmh25/quanmh/diffdrive_aruco_follow/workspace/install/follower_scene/share/follower_scene/models/Palette.jpg.003.jpg
[0.568s] -- Up-to-date symlink: /home/quanmh25/quanmh/diffdrive_aruco_follow/workspace/install/follower_scene/share/follower_scene/models/Palette.jpg.004.jpg
[0.569s] -- Up-to-date symlink: /home/quanmh25/quanmh/diffdrive_aruco_follow/workspace/install/follower_scene/share/follower_scene/models/Palette.jpg.005.jpg
[0.569s] -- Up-to-date symlink: /home/quanmh25/quanmh/diffdrive_aruco_follow/workspace/install/follower_scene/share/follower_scene/models/aruco_1/model.config
[0.569s] -- Up-to-date symlink: /home/quanmh25/quanmh/diffdrive_aruco_follow/workspace/install/follower_scene/share/follower_scene/models/aruco_1/model.sdf
[0.569s] -- Up-to-date symlink: /home/quanmh25/quanmh/diffdrive_aruco_follow/workspace/install/follower_scene/share/follower_scene/models/aruco_1/textures/marker_3.png
[0.569s] -- Up-to-date symlink: /home/quanmh25/quanmh/diffdrive_aruco_follow/workspace/install/follower_scene/share/follower_scene/models/aruco_2/model.config
[0.569s] -- Up-to-date symlink: /home/quanmh25/quanmh/diffdrive_aruco_follow/workspace/install/follower_scene/share/follower_scene/models/aruco_2/model.sdf
[0.569s] -- Up-to-date symlink: /home/quanmh25/quanmh/diffdrive_aruco_follow/workspace/install/follower_scene/share/follower_scene/models/aruco_2/textures/marker_23.png
[0.570s] -- Up-to-date symlink: /home/quanmh25/quanmh/diffdrive_aruco_follow/workspace/install/follower_scene/share/follower_scene/models/aruco_3/model.config
[0.570s] -- Up-to-date symlink: /home/quanmh25/quanmh/diffdrive_aruco_follow/workspace/install/follower_scene/share/follower_scene/models/aruco_3/model.sdf
[0.570s] -- Up-to-date symlink: /home/quanmh25/quanmh/diffdrive_aruco_follow/workspace/install/follower_scene/share/follower_scene/models/aruco_3/textures/marker_42.png
[0.570s] -- Up-to-date symlink: /home/quanmh25/quanmh/diffdrive_aruco_follow/workspace/install/follower_scene/share/follower_scene/models/diff_drive_robot/urdf/diff_drive_robot.gazebo
[0.570s] -- Up-to-date symlink: /home/quanmh25/quanmh/diffdrive_aruco_follow/workspace/install/follower_scene/share/follower_scene/models/diff_drive_robot/urdf/diff_drive_robot.xacro
[0.570s] -- Up-to-date symlink: /home/quanmh25/quanmh/diffdrive_aruco_follow/workspace/install/follower_scene/share/follower_scene/models/diff_drive_robot/urdf/materials.xacro
[0.570s] -- Up-to-date symlink: /home/quanmh25/quanmh/diffdrive_aruco_follow/workspace/install/follower_scene/share/follower_scene/models/finish.png
[0.570s] -- Up-to-date symlink: /home/quanmh25/quanmh/diffdrive_aruco_follow/workspace/install/follower_scene/share/follower_scene/models/my_robot/urdf/macros.xacro
[0.571s] -- Up-to-date symlink: /home/quanmh25/quanmh/diffdrive_aruco_follow/workspace/install/follower_scene/share/follower_scene/models/my_robot/urdf/materials.xacro
[0.571s] -- Up-to-date symlink: /home/quanmh25/quanmh/diffdrive_aruco_follow/workspace/install/follower_scene/share/follower_scene/models/my_robot/urdf/my_robot.gazebo
[0.571s] -- Up-to-date symlink: /home/quanmh25/quanmh/diffdrive_aruco_follow/workspace/install/follower_scene/share/follower_scene/models/my_robot/urdf/my_robot.xacro
[0.571s] -- Up-to-date symlink: /home/quanmh25/quanmh/diffdrive_aruco_follow/workspace/install/follower_scene/share/follower_scene/models/pole.jpg
[0.571s] -- Up-to-date symlink: /home/quanmh25/quanmh/diffdrive_aruco_follow/workspace/install/follower_scene/share/follower_scene/models/track_2024.dae
[0.571s] -- Up-to-date symlink: /home/quanmh25/quanmh/diffdrive_aruco_follow/workspace/install/follower_scene/share/follower_scene/models/zabor.jpg
[0.571s] -- Up-to-date symlink: /home/quanmh25/quanmh/diffdrive_aruco_follow/workspace/install/follower_scene/share/follower_scene/worlds/map.sdf
[0.571s] -- Up-to-date symlink: /home/quanmh25/quanmh/diffdrive_aruco_follow/workspace/install/follower_scene/share/ament_index/resource_index/package_run_dependencies/follower_scene
[0.572s] -- Up-to-date symlink: /home/quanmh25/quanmh/diffdrive_aruco_follow/workspace/install/follower_scene/share/ament_index/resource_index/parent_prefix_path/follower_scene
[0.572s] -- Up-to-date symlink: /home/quanmh25/quanmh/diffdrive_aruco_follow/workspace/install/follower_scene/share/follower_scene/environment/ament_prefix_path.sh
[0.572s] -- Up-to-date symlink: /home/quanmh25/quanmh/diffdrive_aruco_follow/workspace/install/follower_scene/share/follower_scene/environment/ament_prefix_path.dsv
[0.572s] -- Up-to-date symlink: /home/quanmh25/quanmh/diffdrive_aruco_follow/workspace/install/follower_scene/share/follower_scene/environment/path.sh
[0.572s] -- Up-to-date symlink: /home/quanmh25/quanmh/diffdrive_aruco_follow/workspace/install/follower_scene/share/follower_scene/environment/path.dsv
[0.572s] -- Up-to-date symlink: /home/quanmh25/quanmh/diffdrive_aruco_follow/workspace/install/follower_scene/share/follower_scene/local_setup.bash
[0.572s] -- Up-to-date symlink: /home/quanmh25/quanmh/diffdrive_aruco_follow/workspace/install/follower_scene/share/follower_scene/local_setup.sh
[0.572s] -- Up-to-date symlink: /home/quanmh25/quanmh/diffdrive_aruco_follow/workspace/install/follower_scene/share/follower_scene/local_setup.zsh
[0.573s] -- Up-to-date symlink: /home/quanmh25/quanmh/diffdrive_aruco_follow/workspace/install/follower_scene/share/follower_scene/local_setup.dsv
[0.573s] -- Symlinking: /home/quanmh25/quanmh/diffdrive_aruco_follow/workspace/install/follower_scene/share/follower_scene/package.dsv
[0.583s] -- Up-to-date symlink: /home/quanmh25/quanmh/diffdrive_aruco_follow/workspace/install/follower_scene/share/ament_index/resource_index/packages/follower_scene
[0.583s] -- Up-to-date symlink: /home/quanmh25/quanmh/diffdrive_aruco_follow/workspace/install/follower_scene/share/follower_scene/cmake/follower_sceneConfig.cmake
[0.583s] -- Up-to-date symlink: /home/quanmh25/quanmh/diffdrive_aruco_follow/workspace/install/follower_scene/share/follower_scene/cmake/follower_sceneConfig-version.cmake
[0.583s] -- Up-to-date symlink: /home/quanmh25/quanmh/diffdrive_aruco_follow/workspace/install/follower_scene/share/follower_scene/package.xml
[0.585s] Invoked command in '/home/quanmh25/quanmh/diffdrive_aruco_follow/workspace/build/follower_scene' returned '0': CMAKE_PREFIX_PATH=${CMAKE_PREFIX_PATH}:/home/quanmh25/quanmh/diffdrive_aruco_docking/workspace/install/robot_controller:/home/quanmh25/quanmh/diffdrive_aruco_docking/install/robot_controller:/opt/ros/jazzy DEBUGINFOD_URLS=https://debuginfod.ubuntu.com /usr/bin/cmake --install /home/quanmh25/quanmh/diffdrive_aruco_follow/workspace/build/follower_scene
