-- The C compiler identification is GNU 13.3.0
-- The CXX compiler identification is GNU 13.3.0
-- Detecting C compiler ABI info
-- Detecting C compiler ABI info - done
-- Check for working C compiler: /usr/bin/cc - skipped
-- Detecting C compile features
-- Detecting C compile features - done
-- Detecting CXX compiler ABI info
-- Detecting CXX compiler ABI info - done
-- Check for working CXX compiler: /usr/bin/c++ - skipped
-- Detecting CXX compile features
-- Detecting CXX compile features - done
-- Found ament_cmake: 2.5.4 (/opt/ros/jazzy/share/ament_cmake/cmake)
-- Found Python3: /usr/bin/python3 (found version "3.12.3") found components: Interpreter 
-- Found ament_lint_auto: 0.17.3 (/opt/ros/jazzy/share/ament_lint_auto/cmake)
-- Added test 'flake8' to check Python code syntax and style conventions
-- Configured 'flake8' exclude dirs and/or files: 
-- Added test 'lint_cmake' to check CMake code style
-- Added test 'pep257' to check Python code against some of the docstring style conventions in PEP 257
-- Added test 'xmllint' to check XML markup files
-- Configuring done (0.6s)
-- Generating done (0.0s)
-- Build files have been written to: /home/quanmh25/quanmh/diffdrive_aruco_follow/workspace/build/follower_scene
-- Install configuration: ""
-- Installing: /home/quanmh25/quanmh/diffdrive_aruco_follow/workspace/install/follower_scene/share/follower_scene/launch
-- Installing: /home/quanmh25/quanmh/diffdrive_aruco_follow/workspace/install/follower_scene/share/follower_scene/launch/bringup.launch.py
-- Installing: /home/quanmh25/quanmh/diffdrive_aruco_follow/workspace/install/follower_scene/share/follower_scene/config
-- Installing: /home/quanmh25/quanmh/diffdrive_aruco_follow/workspace/install/follower_scene/share/follower_scene/config/rviz.rviz
-- Installing: /home/quanmh25/quanmh/diffdrive_aruco_follow/workspace/install/follower_scene/share/follower_scene/config/ros_gz_bridge.yaml
-- Installing: /home/quanmh25/quanmh/diffdrive_aruco_follow/workspace/install/follower_scene/share/follower_scene/config/diff_leader.yaml
-- Installing: /home/quanmh25/quanmh/diffdrive_aruco_follow/workspace/install/follower_scene/share/follower_scene/config/diff_follower.yaml
-- Installing: /home/quanmh25/quanmh/diffdrive_aruco_follow/workspace/install/follower_scene/share/follower_scene/urdf
-- Installing: /home/quanmh25/quanmh/diffdrive_aruco_follow/workspace/install/follower_scene/share/follower_scene/urdf/leader_robot.xacro
-- Installing: /home/quanmh25/quanmh/diffdrive_aruco_follow/workspace/install/follower_scene/share/follower_scene/urdf/materials.xacro
-- Installing: /home/quanmh25/quanmh/diffdrive_aruco_follow/workspace/install/follower_scene/share/follower_scene/urdf/wheel.xacro
-- Installing: /home/quanmh25/quanmh/diffdrive_aruco_follow/workspace/install/follower_scene/share/follower_scene/urdf/inertial.xacro
-- Installing: /home/quanmh25/quanmh/diffdrive_aruco_follow/workspace/install/follower_scene/share/follower_scene/urdf/follower_robot.xacro
-- Installing: /home/quanmh25/quanmh/diffdrive_aruco_follow/workspace/install/follower_scene/share/follower_scene/models
-- Installing: /home/quanmh25/quanmh/diffdrive_aruco_follow/workspace/install/follower_scene/share/follower_scene/models/aruco_3
-- Installing: /home/quanmh25/quanmh/diffdrive_aruco_follow/workspace/install/follower_scene/share/follower_scene/models/aruco_3/model.config
-- Installing: /home/quanmh25/quanmh/diffdrive_aruco_follow/workspace/install/follower_scene/share/follower_scene/models/aruco_3/model.sdf
-- Installing: /home/quanmh25/quanmh/diffdrive_aruco_follow/workspace/install/follower_scene/share/follower_scene/models/aruco_3/textures
-- Installing: /home/quanmh25/quanmh/diffdrive_aruco_follow/workspace/install/follower_scene/share/follower_scene/models/aruco_3/textures/marker_42.png
-- Installing: /home/quanmh25/quanmh/diffdrive_aruco_follow/workspace/install/follower_scene/share/follower_scene/models/track_2024.dae
-- Installing: /home/quanmh25/quanmh/diffdrive_aruco_follow/workspace/install/follower_scene/share/follower_scene/models/aruco_2
-- Installing: /home/quanmh25/quanmh/diffdrive_aruco_follow/workspace/install/follower_scene/share/follower_scene/models/aruco_2/model.config
-- Installing: /home/quanmh25/quanmh/diffdrive_aruco_follow/workspace/install/follower_scene/share/follower_scene/models/aruco_2/model.sdf
-- Installing: /home/quanmh25/quanmh/diffdrive_aruco_follow/workspace/install/follower_scene/share/follower_scene/models/aruco_2/textures
-- Installing: /home/quanmh25/quanmh/diffdrive_aruco_follow/workspace/install/follower_scene/share/follower_scene/models/aruco_2/textures/marker_23.png
-- Installing: /home/quanmh25/quanmh/diffdrive_aruco_follow/workspace/install/follower_scene/share/follower_scene/models/my_robot
-- Installing: /home/quanmh25/quanmh/diffdrive_aruco_follow/workspace/install/follower_scene/share/follower_scene/models/my_robot/urdf
-- Installing: /home/quanmh25/quanmh/diffdrive_aruco_follow/workspace/install/follower_scene/share/follower_scene/models/my_robot/urdf/materials.xacro
-- Installing: /home/quanmh25/quanmh/diffdrive_aruco_follow/workspace/install/follower_scene/share/follower_scene/models/my_robot/urdf/my_robot.xacro
-- Installing: /home/quanmh25/quanmh/diffdrive_aruco_follow/workspace/install/follower_scene/share/follower_scene/models/my_robot/urdf/my_robot.gazebo
-- Installing: /home/quanmh25/quanmh/diffdrive_aruco_follow/workspace/install/follower_scene/share/follower_scene/models/my_robot/urdf/macros.xacro
-- Installing: /home/quanmh25/quanmh/diffdrive_aruco_follow/workspace/install/follower_scene/share/follower_scene/models/diff_drive_robot
-- Installing: /home/quanmh25/quanmh/diffdrive_aruco_follow/workspace/install/follower_scene/share/follower_scene/models/diff_drive_robot/urdf
-- Installing: /home/quanmh25/quanmh/diffdrive_aruco_follow/workspace/install/follower_scene/share/follower_scene/models/diff_drive_robot/urdf/materials.xacro
-- Installing: /home/quanmh25/quanmh/diffdrive_aruco_follow/workspace/install/follower_scene/share/follower_scene/models/diff_drive_robot/urdf/diff_drive_robot.gazebo
-- Installing: /home/quanmh25/quanmh/diffdrive_aruco_follow/workspace/install/follower_scene/share/follower_scene/models/diff_drive_robot/urdf/diff_drive_robot.xacro
-- Installing: /home/quanmh25/quanmh/diffdrive_aruco_follow/workspace/install/follower_scene/share/follower_scene/models/pole.jpg
-- Installing: /home/quanmh25/quanmh/diffdrive_aruco_follow/workspace/install/follower_scene/share/follower_scene/models/Palette.jpg.003.jpg
-- Installing: /home/quanmh25/quanmh/diffdrive_aruco_follow/workspace/install/follower_scene/share/follower_scene/models/aruco_1
-- Installing: /home/quanmh25/quanmh/diffdrive_aruco_follow/workspace/install/follower_scene/share/follower_scene/models/aruco_1/model.config
-- Installing: /home/quanmh25/quanmh/diffdrive_aruco_follow/workspace/install/follower_scene/share/follower_scene/models/aruco_1/model.sdf
-- Installing: /home/quanmh25/quanmh/diffdrive_aruco_follow/workspace/install/follower_scene/share/follower_scene/models/aruco_1/textures
-- Installing: /home/quanmh25/quanmh/diffdrive_aruco_follow/workspace/install/follower_scene/share/follower_scene/models/aruco_1/textures/marker_3.png
-- Installing: /home/quanmh25/quanmh/diffdrive_aruco_follow/workspace/install/follower_scene/share/follower_scene/models/Palette.jpg.001.jpg
-- Installing: /home/quanmh25/quanmh/diffdrive_aruco_follow/workspace/install/follower_scene/share/follower_scene/models/Palette.jpg.004.jpg
-- Installing: /home/quanmh25/quanmh/diffdrive_aruco_follow/workspace/install/follower_scene/share/follower_scene/models/finish.png
-- Installing: /home/quanmh25/quanmh/diffdrive_aruco_follow/workspace/install/follower_scene/share/follower_scene/models/zabor.jpg
-- Installing: /home/quanmh25/quanmh/diffdrive_aruco_follow/workspace/install/follower_scene/share/follower_scene/models/Palette.jpg.002.jpg
-- Installing: /home/quanmh25/quanmh/diffdrive_aruco_follow/workspace/install/follower_scene/share/follower_scene/models/Palette.jpg
-- Installing: /home/quanmh25/quanmh/diffdrive_aruco_follow/workspace/install/follower_scene/share/follower_scene/models/Palette.jpg.005.jpg
-- Installing: /home/quanmh25/quanmh/diffdrive_aruco_follow/workspace/install/follower_scene/share/follower_scene/worlds
-- Installing: /home/quanmh25/quanmh/diffdrive_aruco_follow/workspace/install/follower_scene/share/follower_scene/worlds/map.sdf
-- Installing: /home/quanmh25/quanmh/diffdrive_aruco_follow/workspace/install/follower_scene/share/ament_index/resource_index/package_run_dependencies/follower_scene
-- Installing: /home/quanmh25/quanmh/diffdrive_aruco_follow/workspace/install/follower_scene/share/ament_index/resource_index/parent_prefix_path/follower_scene
-- Installing: /home/quanmh25/quanmh/diffdrive_aruco_follow/workspace/install/follower_scene/share/follower_scene/environment/ament_prefix_path.sh
-- Installing: /home/quanmh25/quanmh/diffdrive_aruco_follow/workspace/install/follower_scene/share/follower_scene/environment/ament_prefix_path.dsv
-- Installing: /home/quanmh25/quanmh/diffdrive_aruco_follow/workspace/install/follower_scene/share/follower_scene/environment/path.sh
-- Installing: /home/quanmh25/quanmh/diffdrive_aruco_follow/workspace/install/follower_scene/share/follower_scene/environment/path.dsv
-- Installing: /home/quanmh25/quanmh/diffdrive_aruco_follow/workspace/install/follower_scene/share/follower_scene/local_setup.bash
-- Installing: /home/quanmh25/quanmh/diffdrive_aruco_follow/workspace/install/follower_scene/share/follower_scene/local_setup.sh
-- Installing: /home/quanmh25/quanmh/diffdrive_aruco_follow/workspace/install/follower_scene/share/follower_scene/local_setup.zsh
-- Installing: /home/quanmh25/quanmh/diffdrive_aruco_follow/workspace/install/follower_scene/share/follower_scene/local_setup.dsv
-- Installing: /home/quanmh25/quanmh/diffdrive_aruco_follow/workspace/install/follower_scene/share/follower_scene/package.dsv
-- Installing: /home/quanmh25/quanmh/diffdrive_aruco_follow/workspace/install/follower_scene/share/ament_index/resource_index/packages/follower_scene
-- Installing: /home/quanmh25/quanmh/diffdrive_aruco_follow/workspace/install/follower_scene/share/follower_scene/cmake/follower_sceneConfig.cmake
-- Installing: /home/quanmh25/quanmh/diffdrive_aruco_follow/workspace/install/follower_scene/share/follower_scene/cmake/follower_sceneConfig-version.cmake
-- Installing: /home/quanmh25/quanmh/diffdrive_aruco_follow/workspace/install/follower_scene/share/follower_scene/package.xml
