[0.143s] Invoking command in '/home/quanmh25/quanmh/diffdrive_aruco_follow/workspace/build/follower_scene': CMAKE_PREFIX_PATH=${CMAKE_PREFIX_PATH}:/home/quanmh25/quanmh/diffdrive_aruco_follow/workspace/install/follower_control:/home/quanmh25/quanmh/diffdrive_aruco_follow/install/follower_control:/opt/ros/jazzy DEBUGINFOD_URLS=https://debuginfod.ubuntu.com /usr/bin/cmake /home/quanmh25/quanmh/diffdrive_aruco_follow/workspace/src/follower_scene -DCMAKE_INSTALL_PREFIX=/home/quanmh25/quanmh/diffdrive_aruco_follow/workspace/install/follower_scene
[0.190s] -- The C compiler identification is GNU 13.3.0
[0.239s] -- The CXX compiler identification is GNU 13.3.0
[0.255s] -- Detecting C compiler ABI info
[0.339s] -- Detecting C compiler ABI info - done
[0.346s] -- Check for working C compiler: /usr/bin/cc - skipped
[0.347s] -- Detecting C compile features
[0.348s] -- Detecting C compile features - done
[0.357s] -- Detecting CXX compiler ABI info
[0.442s] -- Detecting CXX compiler ABI info - done
[0.448s] -- Check for working CXX compiler: /usr/bin/c++ - skipped
[0.448s] -- Detecting CXX compile features
[0.449s] -- Detecting CXX compile features - done
[0.453s] -- Found ament_cmake: 2.5.4 (/opt/ros/jazzy/share/ament_cmake/cmake)
[0.577s] -- Found Python3: /usr/bin/python3 (found version "3.12.3") found components: Interpreter 
[0.684s] -- Found ament_lint_auto: 0.17.3 (/opt/ros/jazzy/share/ament_lint_auto/cmake)
[0.776s] -- Added test 'flake8' to check Python code syntax and style conventions
[0.776s] -- Configured 'flake8' exclude dirs and/or files: 
[0.777s] -- Added test 'lint_cmake' to check CMake code style
[0.778s] -- Added test 'pep257' to check Python code against some of the docstring style conventions in PEP 257
[0.781s] -- Added test 'xmllint' to check XML markup files
[0.782s] -- Configuring done (0.6s)
[0.785s] -- Generating done (0.0s)
[0.786s] -- Build files have been written to: /home/quanmh25/quanmh/diffdrive_aruco_follow/workspace/build/follower_scene
[0.790s] Invoked command in '/home/quanmh25/quanmh/diffdrive_aruco_follow/workspace/build/follower_scene' returned '0': CMAKE_PREFIX_PATH=${CMAKE_PREFIX_PATH}:/home/quanmh25/quanmh/diffdrive_aruco_follow/workspace/install/follower_control:/home/quanmh25/quanmh/diffdrive_aruco_follow/install/follower_control:/opt/ros/jazzy DEBUGINFOD_URLS=https://debuginfod.ubuntu.com /usr/bin/cmake /home/quanmh25/quanmh/diffdrive_aruco_follow/workspace/src/follower_scene -DCMAKE_INSTALL_PREFIX=/home/quanmh25/quanmh/diffdrive_aruco_follow/workspace/install/follower_scene
[0.793s] Invoking command in '/home/quanmh25/quanmh/diffdrive_aruco_follow/workspace/build/follower_scene': CMAKE_PREFIX_PATH=${CMAKE_PREFIX_PATH}:/home/quanmh25/quanmh/diffdrive_aruco_follow/workspace/install/follower_control:/home/quanmh25/quanmh/diffdrive_aruco_follow/install/follower_control:/opt/ros/jazzy DEBUGINFOD_URLS=https://debuginfod.ubuntu.com /usr/bin/cmake --build /home/quanmh25/quanmh/diffdrive_aruco_follow/workspace/build/follower_scene -- -j16 -l16
[0.836s] Invoked command in '/home/quanmh25/quanmh/diffdrive_aruco_follow/workspace/build/follower_scene' returned '0': CMAKE_PREFIX_PATH=${CMAKE_PREFIX_PATH}:/home/quanmh25/quanmh/diffdrive_aruco_follow/workspace/install/follower_control:/home/quanmh25/quanmh/diffdrive_aruco_follow/install/follower_control:/opt/ros/jazzy DEBUGINFOD_URLS=https://debuginfod.ubuntu.com /usr/bin/cmake --build /home/quanmh25/quanmh/diffdrive_aruco_follow/workspace/build/follower_scene -- -j16 -l16
[0.845s] Invoking command in '/home/quanmh25/quanmh/diffdrive_aruco_follow/workspace/build/follower_scene': CMAKE_PREFIX_PATH=${CMAKE_PREFIX_PATH}:/home/quanmh25/quanmh/diffdrive_aruco_follow/workspace/install/follower_control:/home/quanmh25/quanmh/diffdrive_aruco_follow/install/follower_control:/opt/ros/jazzy DEBUGINFOD_URLS=https://debuginfod.ubuntu.com /usr/bin/cmake --install /home/quanmh25/quanmh/diffdrive_aruco_follow/workspace/build/follower_scene
[0.852s] -- Install configuration: ""
[0.852s] -- Installing: /home/quanmh25/quanmh/diffdrive_aruco_follow/workspace/install/follower_scene/share/follower_scene/launch
[0.852s] -- Installing: /home/quanmh25/quanmh/diffdrive_aruco_follow/workspace/install/follower_scene/share/follower_scene/launch/bringup.launch.py
[0.853s] -- Installing: /home/quanmh25/quanmh/diffdrive_aruco_follow/workspace/install/follower_scene/share/follower_scene/config
[0.853s] -- Installing: /home/quanmh25/quanmh/diffdrive_aruco_follow/workspace/install/follower_scene/share/follower_scene/config/rviz.rviz
[0.853s] -- Installing: /home/quanmh25/quanmh/diffdrive_aruco_follow/workspace/install/follower_scene/share/follower_scene/config/ros_gz_bridge.yaml
[0.853s] -- Installing: /home/quanmh25/quanmh/diffdrive_aruco_follow/workspace/install/follower_scene/share/follower_scene/config/diff_leader.yaml
[0.853s] -- Installing: /home/quanmh25/quanmh/diffdrive_aruco_follow/workspace/install/follower_scene/share/follower_scene/config/diff_follower.yaml
[0.853s] -- Installing: /home/quanmh25/quanmh/diffdrive_aruco_follow/workspace/install/follower_scene/share/follower_scene/urdf
[0.853s] -- Installing: /home/quanmh25/quanmh/diffdrive_aruco_follow/workspace/install/follower_scene/share/follower_scene/urdf/leader_robot.xacro
[0.853s] -- Installing: /home/quanmh25/quanmh/diffdrive_aruco_follow/workspace/install/follower_scene/share/follower_scene/urdf/materials.xacro
[0.853s] -- Installing: /home/quanmh25/quanmh/diffdrive_aruco_follow/workspace/install/follower_scene/share/follower_scene/urdf/wheel.xacro
[0.853s] -- Installing: /home/quanmh25/quanmh/diffdrive_aruco_follow/workspace/install/follower_scene/share/follower_scene/urdf/inertial.xacro
[0.853s] -- Installing: /home/quanmh25/quanmh/diffdrive_aruco_follow/workspace/install/follower_scene/share/follower_scene/urdf/follower_robot.xacro
[0.853s] -- Installing: /home/quanmh25/quanmh/diffdrive_aruco_follow/workspace/install/follower_scene/share/follower_scene/models
[0.854s] -- Installing: /home/quanmh25/quanmh/diffdrive_aruco_follow/workspace/install/follower_scene/share/follower_scene/models/aruco_3
[0.854s] -- Installing: /home/quanmh25/quanmh/diffdrive_aruco_follow/workspace/install/follower_scene/share/follower_scene/models/aruco_3/model.config
[0.854s] -- Installing: /home/quanmh25/quanmh/diffdrive_aruco_follow/workspace/install/follower_scene/share/follower_scene/models/aruco_3/model.sdf
[0.854s] -- Installing: /home/quanmh25/quanmh/diffdrive_aruco_follow/workspace/install/follower_scene/share/follower_scene/models/aruco_3/textures
[0.854s] -- Installing: /home/quanmh25/quanmh/diffdrive_aruco_follow/workspace/install/follower_scene/share/follower_scene/models/aruco_3/textures/marker_42.png
[0.854s] -- Installing: /home/quanmh25/quanmh/diffdrive_aruco_follow/workspace/install/follower_scene/share/follower_scene/models/track_2024.dae
[0.870s] -- Installing: /home/quanmh25/quanmh/diffdrive_aruco_follow/workspace/install/follower_scene/share/follower_scene/models/aruco_2
[0.870s] -- Installing: /home/quanmh25/quanmh/diffdrive_aruco_follow/workspace/install/follower_scene/share/follower_scene/models/aruco_2/model.config
[0.870s] -- Installing: /home/quanmh25/quanmh/diffdrive_aruco_follow/workspace/install/follower_scene/share/follower_scene/models/aruco_2/model.sdf
[0.870s] -- Installing: /home/quanmh25/quanmh/diffdrive_aruco_follow/workspace/install/follower_scene/share/follower_scene/models/aruco_2/textures
[0.870s] -- Installing: /home/quanmh25/quanmh/diffdrive_aruco_follow/workspace/install/follower_scene/share/follower_scene/models/aruco_2/textures/marker_23.png
[0.870s] -- Installing: /home/quanmh25/quanmh/diffdrive_aruco_follow/workspace/install/follower_scene/share/follower_scene/models/my_robot
[0.870s] -- Installing: /home/quanmh25/quanmh/diffdrive_aruco_follow/workspace/install/follower_scene/share/follower_scene/models/my_robot/urdf
[0.870s] -- Installing: /home/quanmh25/quanmh/diffdrive_aruco_follow/workspace/install/follower_scene/share/follower_scene/models/my_robot/urdf/materials.xacro
[0.871s] -- Installing: /home/quanmh25/quanmh/diffdrive_aruco_follow/workspace/install/follower_scene/share/follower_scene/models/my_robot/urdf/my_robot.xacro
[0.871s] -- Installing: /home/quanmh25/quanmh/diffdrive_aruco_follow/workspace/install/follower_scene/share/follower_scene/models/my_robot/urdf/my_robot.gazebo
[0.871s] -- Installing: /home/quanmh25/quanmh/diffdrive_aruco_follow/workspace/install/follower_scene/share/follower_scene/models/my_robot/urdf/macros.xacro
[0.871s] -- Installing: /home/quanmh25/quanmh/diffdrive_aruco_follow/workspace/install/follower_scene/share/follower_scene/models/diff_drive_robot
[0.871s] -- Installing: /home/quanmh25/quanmh/diffdrive_aruco_follow/workspace/install/follower_scene/share/follower_scene/models/diff_drive_robot/urdf
[0.871s] -- Installing: /home/quanmh25/quanmh/diffdrive_aruco_follow/workspace/install/follower_scene/share/follower_scene/models/diff_drive_robot/urdf/materials.xacro
[0.871s] -- Installing: /home/quanmh25/quanmh/diffdrive_aruco_follow/workspace/install/follower_scene/share/follower_scene/models/diff_drive_robot/urdf/diff_drive_robot.gazebo
[0.871s] -- Installing: /home/quanmh25/quanmh/diffdrive_aruco_follow/workspace/install/follower_scene/share/follower_scene/models/diff_drive_robot/urdf/diff_drive_robot.xacro
[0.871s] -- Installing: /home/quanmh25/quanmh/diffdrive_aruco_follow/workspace/install/follower_scene/share/follower_scene/models/pole.jpg
[0.871s] -- Installing: /home/quanmh25/quanmh/diffdrive_aruco_follow/workspace/install/follower_scene/share/follower_scene/models/Palette.jpg.003.jpg
[0.871s] -- Installing: /home/quanmh25/quanmh/diffdrive_aruco_follow/workspace/install/follower_scene/share/follower_scene/models/aruco_1
[0.871s] -- Installing: /home/quanmh25/quanmh/diffdrive_aruco_follow/workspace/install/follower_scene/share/follower_scene/models/aruco_1/model.config
[0.871s] -- Installing: /home/quanmh25/quanmh/diffdrive_aruco_follow/workspace/install/follower_scene/share/follower_scene/models/aruco_1/model.sdf
[0.872s] -- Installing: /home/quanmh25/quanmh/diffdrive_aruco_follow/workspace/install/follower_scene/share/follower_scene/models/aruco_1/textures
[0.872s] -- Installing: /home/quanmh25/quanmh/diffdrive_aruco_follow/workspace/install/follower_scene/share/follower_scene/models/aruco_1/textures/marker_3.png
[0.872s] -- Installing: /home/quanmh25/quanmh/diffdrive_aruco_follow/workspace/install/follower_scene/share/follower_scene/models/Palette.jpg.001.jpg
[0.872s] -- Installing: /home/quanmh25/quanmh/diffdrive_aruco_follow/workspace/install/follower_scene/share/follower_scene/models/Palette.jpg.004.jpg
[0.872s] -- Installing: /home/quanmh25/quanmh/diffdrive_aruco_follow/workspace/install/follower_scene/share/follower_scene/models/finish.png
[0.872s] -- Installing: /home/quanmh25/quanmh/diffdrive_aruco_follow/workspace/install/follower_scene/share/follower_scene/models/zabor.jpg
[0.872s] -- Installing: /home/quanmh25/quanmh/diffdrive_aruco_follow/workspace/install/follower_scene/share/follower_scene/models/Palette.jpg.002.jpg
[0.872s] -- Installing: /home/quanmh25/quanmh/diffdrive_aruco_follow/workspace/install/follower_scene/share/follower_scene/models/Palette.jpg
[0.872s] -- Installing: /home/quanmh25/quanmh/diffdrive_aruco_follow/workspace/install/follower_scene/share/follower_scene/models/Palette.jpg.005.jpg
[0.872s] -- Installing: /home/quanmh25/quanmh/diffdrive_aruco_follow/workspace/install/follower_scene/share/follower_scene/worlds
[0.872s] -- Installing: /home/quanmh25/quanmh/diffdrive_aruco_follow/workspace/install/follower_scene/share/follower_scene/worlds/map.sdf
[0.873s] -- Installing: /home/quanmh25/quanmh/diffdrive_aruco_follow/workspace/install/follower_scene/share/ament_index/resource_index/package_run_dependencies/follower_scene
[0.873s] -- Installing: /home/quanmh25/quanmh/diffdrive_aruco_follow/workspace/install/follower_scene/share/ament_index/resource_index/parent_prefix_path/follower_scene
[0.873s] -- Installing: /home/quanmh25/quanmh/diffdrive_aruco_follow/workspace/install/follower_scene/share/follower_scene/environment/ament_prefix_path.sh
[0.873s] -- Installing: /home/quanmh25/quanmh/diffdrive_aruco_follow/workspace/install/follower_scene/share/follower_scene/environment/ament_prefix_path.dsv
[0.873s] -- Installing: /home/quanmh25/quanmh/diffdrive_aruco_follow/workspace/install/follower_scene/share/follower_scene/environment/path.sh
[0.873s] -- Installing: /home/quanmh25/quanmh/diffdrive_aruco_follow/workspace/install/follower_scene/share/follower_scene/environment/path.dsv
[0.873s] -- Installing: /home/quanmh25/quanmh/diffdrive_aruco_follow/workspace/install/follower_scene/share/follower_scene/local_setup.bash
[0.873s] -- Installing: /home/quanmh25/quanmh/diffdrive_aruco_follow/workspace/install/follower_scene/share/follower_scene/local_setup.sh
[0.873s] -- Installing: /home/quanmh25/quanmh/diffdrive_aruco_follow/workspace/install/follower_scene/share/follower_scene/local_setup.zsh
[0.873s] -- Installing: /home/quanmh25/quanmh/diffdrive_aruco_follow/workspace/install/follower_scene/share/follower_scene/local_setup.dsv
[0.874s] -- Installing: /home/quanmh25/quanmh/diffdrive_aruco_follow/workspace/install/follower_scene/share/follower_scene/package.dsv
[0.874s] -- Installing: /home/quanmh25/quanmh/diffdrive_aruco_follow/workspace/install/follower_scene/share/ament_index/resource_index/packages/follower_scene
[0.874s] -- Installing: /home/quanmh25/quanmh/diffdrive_aruco_follow/workspace/install/follower_scene/share/follower_scene/cmake/follower_sceneConfig.cmake
[0.874s] -- Installing: /home/quanmh25/quanmh/diffdrive_aruco_follow/workspace/install/follower_scene/share/follower_scene/cmake/follower_sceneConfig-version.cmake
[0.874s] -- Installing: /home/quanmh25/quanmh/diffdrive_aruco_follow/workspace/install/follower_scene/share/follower_scene/package.xml
[0.876s] Invoked command in '/home/quanmh25/quanmh/diffdrive_aruco_follow/workspace/build/follower_scene' returned '0': CMAKE_PREFIX_PATH=${CMAKE_PREFIX_PATH}:/home/quanmh25/quanmh/diffdrive_aruco_follow/workspace/install/follower_control:/home/quanmh25/quanmh/diffdrive_aruco_follow/install/follower_control:/opt/ros/jazzy DEBUGINFOD_URLS=https://debuginfod.ubuntu.com /usr/bin/cmake --install /home/quanmh25/quanmh/diffdrive_aruco_follow/workspace/build/follower_scene
